epoch,acc,loss,val_acc,val_loss
0,0.5670125,1.07652722967,0.596583333333,1.33939646098
1,0.690308333333,0.805596657638,0.583616666667,1.51514933023
2,0.724254166667,0.72980399918,0.580066666667,1.69864959881
0,0.583554166667,1.03953226483,0.653433333333,0.870024789246
1,0.699170833333,0.788781721548,0.721166666667,0.701927427125
2,0.731016666667,0.719806076527,0.738116666667,0.666065799952
3,0.759433333333,0.655190794905,0.73375,0.683578070243
4,0.783054166667,0.599391855095,0.751,0.642158042105
5,0.8057375,0.550535463669,0.756483333333,0.639432924604
6,0.826691666667,0.500596456159,0.746366666667,0.675607891178
7,0.8455125,0.459873050067,0.743033333333,0.721203450048
8,0.8625875,0.41907946648,0.748,0.704726053135
9,0.876104166667,0.389995403592,0.755216666667,0.733367966346
10,0.889091666667,0.354031857977,0.75805,0.724830622828
11,0.899283333333,0.335643630618,0.755083333333,0.758996942508
12,0.909791666667,0.312557746886,0.757616666667,0.739008169715
13,0.917295833333,0.294593494629,0.7558,0.827412582366
14,0.926504166667,0.272669474983,0.762783333333,0.76823838137
15,0.930295833333,0.270261320225,0.7622,0.790400708818
16,0.92905,0.29332185944,0.7604,0.752003288905
17,0.935275,0.266804092197,0.760116666667,0.776894401014
18,0.9435875,0.234810972469,0.761616666667,0.798178702227
0,0.559341666667,1.07744047874,0.6143,0.948370811907
1,0.628116666667,0.934549137962,0.650666666667,0.869409785215
2,0.655079166667,0.879675570198,0.672016666667,0.814786586253
3,0.6768375,0.832824779566,0.6833,0.796914208341
4,0.696083333333,0.785397330781,0.690383333333,0.783313582683
5,0.715783333333,0.742888781699,0.702516666667,0.761026320418
6,0.735116666667,0.698176677438,0.70915,0.749052122104
7,0.756741666667,0.649694497454,0.712633333333,0.745135623487
8,0.778120833333,0.599576015145,0.712716666667,0.755814604358
9,0.796833333333,0.555368855155,0.718116666667,0.757072667708
10,0.817741666667,0.512031650865,0.7255,0.760577632658
11,0.83445,0.471335694096,0.72945,0.762455407397
12,0.850554166667,0.435667945135,0.732933333333,0.777047939197
13,0.865445833333,0.398798209556,0.7405,0.782463619483
14,0.877666666667,0.373768446306,0.741266666667,0.807723152196
15,0.888541666667,0.347346875727,0.7417,0.811430129282
16,0.897875,0.327821750866,0.7374,0.827667530439
17,0.907125,0.303533120137,0.746266666667,0.822149913917
18,0.91275,0.293212437289,0.745683333333,0.872950307735
19,0.920283333333,0.275091582465,0.7442,0.859599401467
20,0.926475,0.258435136189,0.7445,0.885421639471
21,0.929154166667,0.260624353986,0.74595,0.862793103739
22,0.934291666667,0.246212666415,0.751883333333,0.879228062963
23,0.93815,0.233126448714,0.749166666667,0.921554138993
24,0.941991666667,0.223645904073,0.752933333333,0.919152234989
25,0.944425,0.21945152952,0.75275,0.911776195998
26,0.945258333333,0.222058541814,0.749516666667,0.869858253924
27,0.948704166667,0.209327480859,0.757316666667,0.873517374017
28,0.951954166667,0.200114796111,0.759533333333,0.907690206752
29,0.952920833333,0.200556289766,0.760883333333,0.887928331169
30,0.956095833333,0.187886365345,0.76,0.885895371874
31,0.956158333333,0.190131185969,0.758,0.875218906542
32,0.958320833333,0.183130538825,0.75605,0.927428749305
33,0.959391666667,0.18319658915,0.756983333333,0.864558213029
34,0.959429166667,0.185048911512,0.76215,0.858952351054
35,0.961704166667,0.176032875429,0.761883333333,0.90142229638
36,0.96275,0.172364032386,0.759566666667,0.86139939179
37,0.963233333333,0.17438142059,0.762083333333,0.92154760736
38,0.964654166667,0.166096206953,0.761233333333,0.924876558798
39,0.964825,0.170301566508,0.761266666667,0.925268097126
40,0.965970833333,0.162358638995,0.76175,0.870421060232
41,0.966991666667,0.16246965498,0.7627,0.935430463882
42,0.968070833333,0.157882701555,0.763216666667,0.871084932776
43,0.967329166667,0.160841775937,0.762133333333,0.886797401059
44,0.967883333333,0.161355966882,0.762366666667,0.879731581914
45,0.969541666667,0.151340664238,0.765,0.925671511463
46,0.969654166667,0.155163976038,0.766466666667,0.88141067702
47,0.968479166667,0.163093180165,0.770366666667,0.876614979439
48,0.971016666667,0.148488388144,0.765166666667,0.845554428371
49,0.971233333333,0.149561375809,0.7662,0.894443377541
50,0.9707125,0.155230955876,0.764533333333,0.908317431136
51,0.972108333333,0.144713087758,0.7704,0.938219416264
52,0.9730875,0.140956611937,0.7686,0.949236712259
53,0.971966666667,0.151495553325,0.76575,0.912938790463
54,0.97255,0.146687807938,0.766783333333,0.876039217881
55,0.973208333333,0.143627410987,0.770483333333,0.874089338954
56,0.973491666667,0.141664351548,0.768366666667,0.88336171813
57,0.973408333333,0.144594643004,0.771683333333,0.86049123295
58,0.973975,0.141669811946,0.76635,0.890134849332
59,0.974470833333,0.141414953531,0.770583333333,0.886835363246
60,0.974725,0.141413211014,0.771766666667,0.881542637142
61,0.975683333333,0.135774210492,0.7699,0.878614100308
62,0.9758375,0.13666203052,0.771966666667,0.873491315132
63,0.976404166667,0.131072547516,0.7733,0.859993033882
64,0.9748,0.142028378481,0.773833333333,0.858463735827
65,0.975329166667,0.13893760443,0.77205,0.835476504157
66,0.975945833333,0.13503102785,0.770033333333,0.863191185611
67,0.977833333333,0.125762664692,0.772933333333,0.91375247071
68,0.975908333333,0.139114012285,0.771966666667,0.865326302355
69,0.976175,0.133573683033,0.7701,0.848651034913
70,0.976983333333,0.131021228952,0.771116666667,0.886355091133
71,0.976025,0.137072847289,0.775283333333,0.817618816562
72,0.977075,0.131429965464,0.7736,0.882274026825
73,0.977495833333,0.127639736543,0.775166666667,0.86180862118
74,0.976891666667,0.132252335794,0.774383333333,0.886749849533
75,0.9769875,0.134013852488,0.77755,0.878962631023
76,0.977145833333,0.131618191424,0.777333333333,0.832549673178
77,0.977091666667,0.133047694098,0.776,0.827265402427
78,0.9783,0.125933763816,0.774266666667,0.85985100057
79,0.978375,0.126317129451,0.7713,0.875234120849
80,0.977054166667,0.134876420833,0.77375,0.888258194585
81,0.978375,0.125041012026,0.774633333333,0.841288574404
82,0.978933333333,0.124175675786,0.774,0.878382103415
83,0.9774625,0.132741086551,0.777616666667,0.844939162956
84,0.977770833333,0.130559454337,0.778183333333,0.87127035828
85,0.977966666667,0.130340116397,0.775433333333,0.82746579604
86,0.97765,0.132851630195,0.774816666667,0.880468350731
87,0.978495833333,0.126602942638,0.775183333333,0.882244601057
88,0.9792,0.124336550907,0.774916666667,0.834447802049
89,0.9792125,0.122661750915,0.778083333333,0.855723214815
90,0.979129166667,0.123764787731,0.776616666667,0.857161596535
91,0.979191666667,0.123734870496,0.77505,0.822432027403
92,0.979629166667,0.122924230466,0.77825,0.824253928304
93,0.979441666667,0.122867036381,0.774383333333,0.876379780837
94,0.978066666667,0.131555945919,0.777416666667,0.833047775376
95,0.979979166667,0.120727199692,0.779083333333,0.892055966067
96,0.979770833333,0.12145721645,0.77635,0.852658456196
97,0.978320833333,0.129293652862,0.773233333333,0.872982087195
98,0.979083333333,0.12594275252,0.779183333333,0.878227412268
99,0.979825,0.121558259935,0.777333333333,0.818229039498
100,0.98005,0.121497105465,0.777616666667,0.832243456628
101,0.9806125,0.119076945433,0.77865,0.923866538799
102,0.980116666667,0.11950835484,0.773566666667,0.842651471421
103,0.979620833333,0.122790626146,0.778733333333,0.85229066963
104,0.979466666667,0.125325420438,0.777833333333,0.87107541034
105,0.979783333333,0.123426186151,0.777983333333,0.824421332965
106,0.979991666667,0.120544719,0.777116666667,0.830132726242
107,0.979966666667,0.119990675919,0.776933333333,0.859103966355
108,0.981020833333,0.114310015613,0.781633333333,0.858320946032
109,0.980154166667,0.120725358786,0.780083333333,0.845923773283
110,0.9811125,0.115765489901,0.777866666667,0.8430222737
111,0.981245833333,0.114191734774,0.7773,0.847867444251
112,0.981354166667,0.113731304138,0.779666666667,0.853424796557
113,0.98125,0.114319329143,0.780733333333,0.831078644602
114,0.981708333333,0.112837127836,0.781216666667,0.83896379959
115,0.981204166667,0.114319512373,0.779283333333,0.793832448059
116,0.9802625,0.119890588109,0.779583333333,0.89547446742
117,0.981008333333,0.116822352675,0.780116666667,0.834310464916
118,0.9807875,0.117205628298,0.781066666667,0.785597522944
119,0.980141666667,0.120125457564,0.782016666667,0.816541677241
120,0.980354166667,0.119400342998,0.781183333333,0.806716133228
121,0.979958333333,0.122737343783,0.778316666667,0.885639630794
122,0.981033333333,0.115446282808,0.779583333333,0.848038409833
123,0.981275,0.11476760573,0.7808,0.866788770801
124,0.981020833333,0.116352648017,0.780433333333,0.87144095906
125,0.9808375,0.116688236981,0.782116666667,0.851862971113
126,0.981775,0.112063513547,0.7812,0.829901868471
127,0.980770833333,0.11854816723,0.780816666667,0.813336469565
128,0.981875,0.111726984665,0.778183333333,0.859624288356
129,0.9804625,0.119160675546,0.778783333333,0.874070804138
130,0.979870833333,0.12296415216,0.778133333333,0.799871236598
131,0.9819625,0.109254233374,0.780833333333,0.862615461838
132,0.981829166667,0.111089682426,0.78005,0.869222633735
133,0.9819125,0.110925838416,0.7799,0.792898269109
134,0.980908333333,0.117473825523,0.782266666667,0.845829884342
135,0.980895833333,0.117113853575,0.779266666667,0.841010809088
136,0.981683333333,0.112796592553,0.778983333333,0.824998981756
137,0.981779166667,0.113031118935,0.783466666667,0.823551810984
138,0.981766666667,0.113587999259,0.783716666667,0.834835801375
139,0.981291666667,0.115175053032,0.777266666667,0.858112903315
140,0.9825875,0.108207714817,0.77965,0.82338841449
141,0.980658333333,0.11795273244,0.776183333333,0.83472783926
142,0.980779166667,0.117925312209,0.779666666667,0.810410349603
143,0.980804166667,0.116847893399,0.783566666667,0.845814239472
144,0.981929166667,0.1101862793,0.78465,0.862752144143
145,0.982383333333,0.109015048298,0.7843,0.858745395732
146,0.981429166667,0.11323268681,0.781466666667,0.820150379486
147,0.981075,0.115709313256,0.7802,0.831951825543
148,0.981683333333,0.113230875694,0.780716666667,0.835409583803
149,0.981695833333,0.11344157514,0.7796,0.858149125465
150,0.980845833333,0.116762563942,0.776116666667,0.792417720715
151,0.9819625,0.11153380529,0.784916666667,0.825770738059
152,0.982866666667,0.107327536743,0.783866666667,0.829902018205
153,0.980708333333,0.118468002889,0.780416666667,0.826810087684
154,0.981766666667,0.111520078473,0.78405,0.772478361108
155,0.982491666667,0.10789180219,0.782033333333,0.847508927066
156,0.981916666667,0.110938354599,0.783866666667,0.81695702106
157,0.983716666667,0.100845444078,0.78625,0.837808788839
158,0.981775,0.113441474575,0.782483333333,0.820387718304
159,0.982204166667,0.110174276065,0.783666666667,0.846663553233
160,0.981683333333,0.112319966623,0.782866666667,0.840169025934
161,0.981275,0.113730437614,0.7842,0.836095907871
162,0.980816666667,0.116568173005,0.7848,0.844314480482
163,0.981241666667,0.114865522234,0.7802,0.849006525845
164,0.981741666667,0.112362147444,0.782633333333,0.812088670083
165,0.980525,0.117777489952,0.782433333333,0.821762439616
166,0.9816875,0.112625387723,0.7835,0.821913517137
167,0.9813875,0.114225528352,0.783433333333,0.844201336594
0,0.522058333333,1.15325008802,0.5931,0.982599506378
1,0.6084875,0.989088742749,0.62825,0.899990514104
2,0.631791666667,0.93894552954,0.633833333333,0.888793239673
3,0.650591666667,0.896328392545,0.643416666667,0.866019181299
4,0.6655875,0.865282545201,0.65455,0.850303877735
5,0.6777875,0.835341735963,0.670516666667,0.820698084784
6,0.690295833333,0.810060382466,0.675666666667,0.801294210227
7,0.704179166667,0.779466598328,0.68145,0.793338801026
8,0.714883333333,0.756316505247,0.686983333333,0.78340543131
9,0.7288,0.72618534325,0.689533333333,0.793968317771
10,0.741504166667,0.694542386146,0.698233333333,0.7541195707
11,0.755283333333,0.660334328508,0.697033333333,0.796127080981
12,0.76685,0.634051579171,0.6985,0.786199505186
13,0.779775,0.603551345289,0.6984,0.823228543897
14,0.7904,0.57974890331,0.70905,0.771416972311
15,0.802070833333,0.551962698986,0.717233333333,0.79362752128
16,0.813775,0.522844196506,0.713666666667,0.797654047962
17,0.823370833333,0.500521671576,0.720733333333,0.803024157842
0,0.562979166667,1.07632998728,0.615,0.939195307239
1,0.631220833333,0.930749940968,0.6565,0.850877285131
2,0.656683333333,0.874238871006,0.675916666667,0.80439985803
3,0.674004166667,0.838872518611,0.684883333333,0.789729106959
4,0.690295833333,0.802377357384,0.691383333333,0.770191550883
5,0.705391666667,0.769327755197,0.694333333333,0.769304943307
6,0.7189,0.740223826218,0.699416666667,0.75939320842
7,0.732091666667,0.7095805493,0.712666666667,0.724966815948
8,0.749491666667,0.668349947715,0.708316666667,0.743186953998
9,0.7640625,0.635943102413,0.702466666667,0.76775405182
10,0.778829166667,0.603973549614,0.718433333333,0.742060060879
11,0.796408333333,0.560058786466,0.72005,0.744242051212
12,0.8106625,0.53003345437,0.720916666667,0.75132366728
13,0.8241125,0.500611184502,0.722266666667,0.756262303273
14,0.8381,0.46495113818,0.726083333333,0.761663004661
15,0.849825,0.441702290254,0.735383333333,0.749929254071
16,0.8627125,0.407286110291,0.737166666667,0.774980355406
17,0.872916666667,0.384110831766,0.73525,0.76722296987
18,0.8826625,0.364092624454,0.739616666667,0.800020800499
19,0.889545833333,0.350023467344,0.7391,0.787741858594
20,0.897058333333,0.331901814374,0.74255,0.808869094729
0,0.3744625,1.45583254638,0.3944,4.07322381529
1,0.517733333333,1.16612868676,0.432566666667,3.67642346133
2,0.552758333333,1.09700899417,0.540716666667,2.42754235264
3,0.571516666667,1.05855093506,0.526916666667,2.6380542965
0,0.4998875,1.20093980788,0.551816666667,1.16291822481
1,0.574883333333,1.04363826192,0.59235,1.03409217213
2,0.600470833333,0.991119421824,0.5997,0.994502374283
3,0.616808333333,0.957452376656,0.61405,0.969998594435
4,0.627508333333,0.932902052506,0.6267,0.930482161315
5,0.635883333333,0.916195131667,0.638016666667,0.909191751925
6,0.645229166667,0.895545681147,0.642583333333,0.89874016041
7,0.652858333333,0.877827747186,0.64585,0.884822863626
8,0.6584125,0.866998285524,0.666283333333,0.841387262154
9,0.664366666667,0.856098688193,0.664366666667,0.842411359692
10,0.670170833333,0.841932112257,0.6626,0.852165792584
11,0.675179166667,0.832103218293,0.668666666667,0.844997446601
12,0.680304166667,0.819045379531,0.672183333333,0.83886522073
13,0.684033333333,0.812549281089,0.671216666667,0.847754194911
14,0.688466666667,0.801646382745,0.67245,0.839685329541
15,0.691725,0.796203852371,0.680416666667,0.828763225547
16,0.695291666667,0.786648416289,0.677416666667,0.840120743076
17,0.699366666667,0.775272999398,0.690466666667,0.794158864526
18,0.703570833333,0.766887729383,0.688483333333,0.817002106047
19,0.707091666667,0.759008235463,0.6983,0.783064938128
20,0.711104166667,0.752057090076,0.6959,0.794016783532
21,0.715483333333,0.741109988902,0.683883333333,0.824731872785
22,0.718854166667,0.733917595994,0.6995,0.786042631586
23,0.721570833333,0.726157296379,0.701816666667,0.784980105019
24,0.7265375,0.715875901361,0.68665,0.823013045351
25,0.728595833333,0.711704047636,0.703566666667,0.773343735019
26,0.732895833333,0.698146504951,0.701883333333,0.778072550917
27,0.736408333333,0.688788452709,0.7015,0.793902865012
28,0.7396625,0.682317393736,0.705066666667,0.777035216371
29,0.7427,0.673660661399,0.702483333333,0.791510597285
30,0.746966666667,0.663633981991,0.704083333333,0.793815928002
31,0.751120833333,0.656139670793,0.707383333333,0.788679027065
32,0.753145833333,0.652508989058,0.7072,0.792080264962
33,0.757341666667,0.647040560695,0.698566666667,0.800761224075
34,0.7598,0.639085655582,0.706783333333,0.814197716061
35,0.7635375,0.625748782573,0.705533333333,0.815471705317
36,0.766770833333,0.62418741984,0.710666666667,0.791152614653
37,0.770054166667,0.610314902119,0.710133333333,0.802663914192
38,0.774808333333,0.600055087171,0.70145,0.835388019975
39,0.776133333333,0.60119006875,0.716716666667,0.77464500134
40,0.779945833333,0.592981823784,0.71825,0.766589976605
41,0.783858333333,0.583885860678,0.717066666667,0.781519643454
42,0.784383333333,0.579802685577,0.71,0.804387041644
43,0.789725,0.567800878332,0.707483333333,0.827964116351
44,0.79185,0.562270042153,0.702583333333,0.855208269576
45,0.7956,0.553190847401,0.71115,0.813974933803
46,0.797616666667,0.548889408269,0.706883333333,0.837046252934
47,0.8003,0.546886247909,0.71485,0.817543554449
48,0.8028,0.542814847652,0.702333333333,0.854340953024
49,0.806941666667,0.530746455715,0.708416666667,0.848631299766
50,0.809758333333,0.524018484012,0.7228,0.806237285002
51,0.812375,0.514654016367,0.699133333333,0.894292593996
52,0.814666666667,0.512773832959,0.71955,0.817740411023
53,0.8156625,0.510438617212,0.71845,0.807518676563
54,0.818658333333,0.506767108671,0.721166666667,0.831636307466
55,0.822266666667,0.494932011726,0.71075,0.855373631819
56,0.822104166667,0.501893483875,0.71455,0.848739607128
57,0.8273625,0.482425121298,0.716783333333,0.851359013995
58,0.827295833333,0.490643472554,0.721666666667,0.831495611795
59,0.8312,0.476527645927,0.724783333333,0.835410581787
60,0.832345833333,0.470027333142,0.7205,0.849088458661
61,0.835004166667,0.464817085413,0.72135,0.859599764283
62,0.838541666667,0.459740195213,0.718366666667,0.864425314887
63,0.839604166667,0.453840732738,0.721016666667,0.84165231477
64,0.841854166667,0.450349050914,0.7228,0.847923281876
65,0.843845833333,0.445845631691,0.70115,0.931057246993
66,0.84605,0.444636082238,0.728333333333,0.852332806377
67,0.8477375,0.440467950118,0.719066666667,0.851313135298
68,0.8476625,0.442957929453,0.72325,0.853528338857
69,0.852316666667,0.430444644493,0.725,0.875547054172
70,0.854266666667,0.423509466642,0.718216666667,0.892947721541
71,0.856891666667,0.416434285498,0.714633333333,0.928081757283
72,0.858275,0.415983698434,0.72505,0.867658797352
73,0.859145833333,0.411464886973,0.7268,0.890326413115
74,0.863141666667,0.402884874338,0.729283333333,0.890946877925
75,0.864329166667,0.398611436078,0.728816666667,0.885087165395
76,0.8641625,0.401531554915,0.719816666667,0.95321356136
77,0.866683333333,0.394422530106,0.731666666667,0.888426978258
78,0.868125,0.390608332552,0.726883333333,0.924617172694
79,0.870916666667,0.380017499041,0.720316666667,0.939997591567
80,0.872208333333,0.382532956024,0.718983333333,0.954136053743
81,0.873270833333,0.375707945399,0.724383333333,0.946183995853
82,0.874945833333,0.375725094464,0.724883333333,0.931208446531
83,0.876320833333,0.374666609888,0.7248,0.949769573569
84,0.879391666667,0.360183904764,0.731266666667,0.91148095024
85,0.8802,0.362009997243,0.72825,0.922467033984
86,0.880654166667,0.36304516975,0.727883333333,0.934866940856
87,0.880133333333,0.368523996538,0.728416666667,0.92540932653
88,0.883770833333,0.354511868398,0.734366666667,0.898622181592
89,0.8847875,0.355955025902,0.729783333333,0.931854486907
90,0.885808333333,0.356906954233,0.735983333333,0.873632174281
91,0.886441666667,0.357173260806,0.7275,0.943916107098
92,0.888004166667,0.343754081428,0.7232,0.951143609528
93,0.891066666667,0.336409027195,0.735233333333,0.910213994288
94,0.8907375,0.342541236891,0.730766666667,0.945256972869
95,0.892745833333,0.337517802271,0.7278,0.96335267729
96,0.8925125,0.337336612904,0.7298,0.948547958473
97,0.894741666667,0.331160942539,0.72875,0.949792059443
98,0.896320833333,0.325216864636,0.728016666667,0.939939896894
99,0.895,0.333744091259,0.729783333333,0.95527148993
100,0.8966625,0.331122331769,0.734816666667,0.943593994908
101,0.897704166667,0.328829774674,0.733283333333,0.943016585167
102,0.8994375,0.325983166601,0.7344,0.908347967545
103,0.90075,0.321679578405,0.727066666667,0.990535201116
104,0.902179166667,0.316986854271,0.73,0.969623866959
105,0.90205,0.319779954157,0.725266666667,0.965143410691
106,0.90405,0.309988347229,0.735,0.94539675289
107,0.9053875,0.30532818392,0.72145,0.996208204897
108,0.904908333333,0.314378703897,0.728966666667,0.997660775141
109,0.906891666667,0.304785082224,0.725916666667,0.998929745324
110,0.907441666667,0.302420841008,0.726916666667,1.01392456753
111,0.907854166667,0.303017901271,0.731966666667,0.957120607567
112,0.910783333333,0.293417741888,0.721583333333,1.0841368138
113,0.910170833333,0.29758373446,0.727583333333,1.01942598498
114,0.911895833333,0.291886828867,0.7346,0.988227798661
115,0.9116375,0.296303666516,0.728983333333,0.974446053743
116,0.911975,0.296549757226,0.729766666667,1.00318534945
117,0.913220833333,0.294201756243,0.7273,0.996459668918
118,0.9145125,0.286394408312,0.7272,1.0324602317
119,0.915079166667,0.287835729563,0.728866666667,0.975084390183
120,0.914479166667,0.289491142533,0.72815,0.998176251133
121,0.916920833333,0.287788377597,0.728333333333,0.973755858616
122,0.916570833333,0.288244086845,0.728566666667,0.991169179356
123,0.9176625,0.284900986865,0.727533333333,0.987504106136
124,0.916875,0.287233233029,0.733733333333,0.989806096212
125,0.917958333333,0.282598939354,0.7289,0.998963426034
126,0.920570833333,0.271575960412,0.7211,1.05593141584
127,0.9203625,0.277225379468,0.722583333333,1.05911929564
128,0.920170833333,0.276790172602,0.72045,1.05193126001
129,0.921975,0.27447361776,0.73325,1.01858898705
130,0.9215625,0.27664611738,0.735233333333,1.03938872883
131,0.9233625,0.266347414618,0.72675,1.02411066236
132,0.923433333333,0.269886999262,0.72745,1.00048097191
133,0.925320833333,0.259052619861,0.734433333333,1.01075670975
134,0.922833333333,0.276692901131,0.739833333333,0.989363551664
135,0.9268375,0.257773605099,0.725583333333,1.02632543184
136,0.925620833333,0.262587890733,0.735866666667,1.01463815809
137,0.926420833333,0.260154273586,0.732433333333,1.00102282093
138,0.926566666667,0.265936767423,0.736516666667,0.988107256474
139,0.927083333333,0.259522860027,0.729933333333,1.04105983053
140,0.927925,0.258244613418,0.737133333333,1.01650031422
141,0.929079166667,0.257497064353,0.72755,1.03191051583
142,0.928841666667,0.260359017981,0.738566666667,0.970999200388
143,0.931029166667,0.249067784021,0.734516666667,1.01834090768
144,0.9308125,0.253309859308,0.730333333333,1.01332829253
145,0.929516666667,0.258957318183,0.729533333333,1.03810799828
146,0.933241666667,0.242502114589,0.733516666667,1.03198913314
147,0.932133333333,0.248904554393,0.735833333333,1.02550640849
148,0.931566666667,0.252172012636,0.733583333333,0.98468208762
149,0.9321125,0.251416631715,0.735616666667,1.02639633178
150,0.9335875,0.242145267859,0.73465,1.00085117891
151,0.933358333333,0.247992727845,0.7377,1.00767114618
152,0.935279166667,0.23373491743,0.7324,1.05476367039
153,0.935575,0.239215203288,0.734683333333,1.03058800496
154,0.9371125,0.229634717518,0.734316666667,1.03186345174
155,0.935654166667,0.238988112288,0.735983333333,1.06124860886
156,0.93705,0.233980977974,0.740933333333,1.02759289043
157,0.9359375,0.238411013998,0.738083333333,0.987539428318
158,0.936675,0.237655105227,0.740816666667,1.02053248295
159,0.939191666667,0.223303058423,0.739066666667,1.07279541003
160,0.937441666667,0.236226304638,0.741916666667,1.01179115744
161,0.937745833333,0.234369161132,0.73675,1.0463946934
162,0.9397125,0.225205913872,0.7307,1.09060353967
163,0.939483333333,0.22759836369,0.73315,1.04757990012
164,0.939379166667,0.231240238934,0.7354,1.03234472724
165,0.939545833333,0.233507544411,0.7302,1.03392620095
166,0.939304166667,0.234294513109,0.736733333333,1.02525792665
0,0.374166666667,1.44810270171,0.367566666667,5.33081069809
1,0.5191375,1.15261035532,0.393216666667,4.5481811228
2,0.5511375,1.0932397557,0.442616666667,3.78208878319
3,0.569229166667,1.05845641303,0.4584,3.33450755988
4,0.58105,1.03275436134,0.483516666667,3.0738266511
5,0.5909125,1.01228407435,0.474633333333,2.8260089739
0,0.27607,1.65840221149,0.256775,6.83518271795
1,0.37451,1.43858738163,0.25555,7.44143275329
2,0.41634,1.36035359354,0.2928,6.77954704033
0,0.26558,1.6911411882,0.37925,5.88854558764
0,0.30013,1.62802309746,0.296375,4.37946216031
1,0.38941,1.42018238071,0.323075,3.68033990868
2,0.42959,1.34750492716,0.34785,4.10600020729
3,0.45493,1.30457419445,0.35335,3.90780567159
4,0.47256,1.27254425827,0.3793,3.75984058031
5,0.48485,1.24883911655,0.378125,3.98199108325
6,0.4961,1.22931244247,0.381775,3.94659206915
7,0.50116,1.21911964439,0.376975,3.96027233816
8,0.50968,1.20199508907,0.428425,3.52549963306
9,0.51339,1.19524719547,0.412875,3.67016767961
10,0.51722,1.1858267317,0.41495,3.47301749191
11,0.52272,1.17685266979,0.41735,3.58340104826
12,0.529,1.16532512577,0.44155,3.28779295777
13,0.53068,1.16061241617,0.434825,3.40971684033
14,0.53479,1.14981583996,0.460025,3.09201832122
15,0.53893,1.14515232935,0.450325,3.33854527007
16,0.54201,1.1383847397,0.453975,3.25914766862
17,0.54771,1.13051598318,0.464875,2.92642023988
18,0.55088,1.12081482004,0.45325,3.26544131621
19,0.55143,1.11905515043,0.4565,3.20892589254
20,0.55431,1.10966779907,0.473475,3.04948308487
21,0.5566,1.10508262239,0.462775,3.03414025638
22,0.55903,1.09965350584,0.477125,2.97257269874
23,0.56225,1.09477255915,0.48105,2.89246635575
24,0.56357,1.09279248619,0.4844,2.78117497221
25,0.56604,1.08483517439,0.48875,2.79269760396
26,0.56812,1.0821703253,0.4951,2.74306520382
27,0.57026,1.07505780785,0.51135,2.60172003638
28,0.57171,1.0746995079,0.5069,2.49504677666
29,0.5745,1.06930848356,0.5079,2.56543807169
30,0.57557,1.06616459915,0.5246,2.41170577152
31,0.57842,1.06173559551,0.50855,2.58421893096
32,0.58064,1.05680197489,0.51365,2.45136969028
33,0.58088,1.05258717861,0.530275,2.28535811064
34,0.58298,1.04767425711,0.518125,2.46319605421
35,0.58148,1.04884246592,0.532675,2.38868252648
36,0.58493,1.04430416225,0.531525,2.37994857124
37,0.58888,1.03983354395,0.53195,2.37834002534
38,0.58715,1.03903268612,0.53645,2.45051727278
39,0.59044,1.03263895147,0.5321,2.39503741053
40,0.59129,1.02879049517,0.5397,2.31974276818
41,0.59426,1.02611555212,0.5437,2.32503532599
42,0.5949,1.02215604156,0.524775,2.43566614636
43,0.59589,1.0213020509,0.5228,2.45274045923
44,0.59455,1.01991291912,0.5224,2.60362362807
45,0.59848,1.01278142523,0.527475,2.46171925503
46,0.59966,1.01243700489,0.5243,2.55008483934
47,0.60157,1.0051400367,0.546425,2.28788485215
48,0.60187,1.00683683918,0.533725,2.38300341583
49,0.60378,1.00353582776,0.5418,2.30930901039
50,0.6042,1.00257865526,0.53475,2.34180567825
51,0.60698,0.996466461582,0.537175,2.44598177053
52,0.60808,0.992713981934,0.539925,2.37730066381
53,0.60785,0.995633584099,0.5455,2.34919183605
54,0.60791,0.99214007616,0.542825,2.39997858919
55,0.60659,1.00018440804,0.549125,2.33744320359
56,0.61139,0.987026703796,0.558275,2.18185224373
57,0.61264,0.983107332935,0.5588,2.19849892473
58,0.61246,0.983675303726,0.550875,2.28212558336
59,0.61359,0.975883896713,0.562175,2.19227310554
60,0.61351,0.975882321262,0.542525,2.25131229109
61,0.61532,0.97608649868,0.55935,2.23500471268
62,0.61669,0.97044113102,0.5539,2.2905696245
63,0.61909,0.970123976097,0.5449,2.34104179519
64,0.61888,0.969174061775,0.55015,2.33243836323
65,0.62139,0.962511576233,0.570475,2.17029617808
66,0.62152,0.964183584099,0.563,2.19936097734
67,0.61944,0.966808238621,0.554275,2.29165220053
68,0.6232,0.958222606525,0.55465,2.30421416097
69,0.62204,0.958131683407,0.566575,2.10642886207
70,0.62477,0.954619669209,0.562775,2.22102137759
71,0.62537,0.953613411789,0.56435,2.24516225541
72,0.62667,0.953256751499,0.549125,2.44701153761
73,0.62867,0.945891997852,0.55065,2.36492153898
74,0.62406,0.953411542492,0.565425,2.3041261664
75,0.62986,0.942416829233,0.5546,2.3086508631
76,0.62881,0.948515943785,0.5666,2.18359285895
77,0.62943,0.943360775547,0.560375,2.24041400602
78,0.63134,0.937153026829,0.57285,2.19802003074
79,0.62992,0.941801656857,0.56165,2.32363767292
80,0.63201,0.941751572895,0.566925,2.20792871571
81,0.63313,0.935827053108,0.5736,2.22061297092
82,0.63521,0.93276214323,0.56935,2.23386419874
83,0.63515,0.934775946493,0.570725,2.18511694354
84,0.63579,0.929678540668,0.573025,2.180071415
85,0.63496,0.934142467213,0.57645,2.12487928357
86,0.63673,0.933383572712,0.5691,2.21362553282
87,0.63802,0.929224884205,0.56825,2.24331671107
88,0.63754,0.925119055977,0.56975,2.26665190907
89,0.63931,0.920491545353,0.57055,2.27630762272
90,0.63798,0.925430954952,0.565725,2.3047302003
91,0.63891,0.924055460501,0.5729,2.23232163374
92,0.64189,0.91873471796,0.57785,2.16499323685
93,0.64224,0.914024642181,0.565875,2.36964663849
94,0.64199,0.912581172342,0.5533,2.42366512326
95,0.64392,0.916563137398,0.563575,2.33955132092
96,0.64324,0.915140550203,0.56795,2.30954580027
97,0.64569,0.910277853098,0.5628,2.42791330865
98,0.64638,0.908862773848,0.5764,2.22491640372
99,0.64836,0.900668358917,0.56765,2.3697983885
100,0.6455,0.907728800049,0.5725,2.24358638999
101,0.64779,0.901456958885,0.575825,2.19667749232
102,0.64864,0.902223179579,0.571625,2.29650966434
103,0.64912,0.897181276913,0.571375,2.29008800226
104,0.65336,0.889965228825,0.567125,2.36562821355
105,0.6546,0.88918349184,0.55395,2.44598585425
106,0.65177,0.895221204491,0.569375,2.32418942735
107,0.65129,0.895776338825,0.572575,2.31022285095
108,0.65345,0.89083316102,0.573225,2.30490596565
109,0.65338,0.891975425901,0.574925,2.307947721
110,0.65297,0.890030612011,0.56965,2.5018124866
111,0.65528,0.8853936689,0.5629,2.48715602214
112,0.65731,0.881039233322,0.57455,2.3837961225
113,0.65629,0.884289156065,0.57085,2.34529464695
114,0.65516,0.88455670517,0.5693,2.3481283679
115,0.65892,0.876270121613,0.58135,2.26817344723
116,0.65837,0.876048632584,0.57195,2.37797620664
117,0.65919,0.875055978966,0.5706,2.34017343252
118,0.65626,0.883481419163,0.5704,2.30929209916
119,0.6582,0.877989072123,0.562075,2.39098447419
120,0.66063,0.872402760191,0.5594,2.45900007968
121,0.66184,0.868497295361,0.575225,2.39249647505
122,0.66151,0.870538114309,0.56405,2.4403340017
123,0.66473,0.864911487541,0.574525,2.41702217025
124,0.66516,0.861268880711,0.57805,2.3846591813
125,0.66323,0.864764915657,0.571125,2.41846813666
126,0.66453,0.867959311075,0.55935,2.52699190861
127,0.66536,0.861740283937,0.565675,2.56446543622
128,0.66692,0.856414312916,0.5619,2.5508355549
129,0.66629,0.86134623271,0.5688,2.49441719537
130,0.66514,0.863323144321,0.564825,2.4630074433
131,0.66663,0.861522305861,0.57775,2.40068990073
132,0.66963,0.852378743172,0.575625,2.36810906352
133,0.66902,0.849372163858,0.577375,2.38783428618
134,0.66928,0.851624642401,0.56745,2.48410879376
135,0.66915,0.859837366905,0.575625,2.39198487661
136,0.67146,0.850269904957,0.582875,2.38039303794
137,0.66905,0.851815601997,0.577625,2.36146619689
138,0.67025,0.854983579435,0.577475,2.36052961289
139,0.67195,0.842566304903,0.576775,2.44446173548
140,0.67355,0.844092234354,0.586975,2.38824936655
141,0.67508,0.838322575989,0.58285,2.34298571759
142,0.67545,0.838199054785,0.57845,2.44873965433
143,0.67322,0.846251477642,0.5792,2.39185547521
144,0.67459,0.839978609114,0.56925,2.4240920826
145,0.67678,0.833176062489,0.578075,2.40591993394
146,0.67377,0.842443147058,0.575275,2.48972886231
147,0.67533,0.835922765093,0.5807,2.40441218566
148,0.67863,0.832527059889,0.573675,2.36355095185
149,0.67983,0.82430585434,0.5805,2.3978580085
150,0.67902,0.831027166557,0.57795,2.42066315155
151,0.67705,0.837351340523,0.5861,2.35941443388
152,0.68173,0.831911179523,0.579075,2.44638457227
153,0.68005,0.827284380665,0.578675,2.38212854724
154,0.6815,0.82926122097,0.57765,2.45088831052
155,0.6811,0.8303335112,0.57635,2.43638336034
156,0.68002,0.823873741894,0.569825,2.5424511529
157,0.68487,0.819902297354,0.57445,2.43875536125
158,0.68444,0.816678500824,0.57525,2.49340296702
159,0.68501,0.811751880579,0.5714,2.47544775875
160,0.68262,0.821589724398,0.58135,2.46026685076
161,0.68326,0.820187525663,0.584825,2.38606546056
162,0.68561,0.814622895784,0.576925,2.47171447763
163,0.68708,0.815065327177,0.5676,2.67842698556
164,0.68921,0.804686237574,0.56465,2.62192723197
165,0.68536,0.813447958956,0.579675,2.42831935744
166,0.68444,0.820337846918,0.580325,2.35592851431
167,0.68642,0.821810433435,0.572825,2.35009729104
168,0.68902,0.80742455349,0.5797,2.45408282914
169,0.69067,0.805446564188,0.566575,2.66235743266
170,0.68801,0.820742371607,0.585275,2.35297097964
171,0.68892,0.805948360357,0.5784,2.52930265343
172,0.68934,0.810147442312,0.584975,2.38678521469
173,0.69055,0.804711055336,0.5796,2.47433041799
174,0.69024,0.807802447796,0.5828,2.44821180274
175,0.6929,0.800248235407,0.56855,2.56111606919
176,0.69114,0.803765923376,0.571625,2.56653717173
177,0.69327,0.802329489555,0.5752,2.50758600806
178,0.69316,0.797645978537,0.584925,2.47343369551
179,0.69198,0.80056946661,0.577325,2.44842795106
180,0.6961,0.790951586809,0.573925,2.53218966842
181,0.69418,0.797460035753,0.582475,2.46609992137
182,0.69329,0.804202654533,0.57895,2.42001723148
183,0.69298,0.802422529812,0.579425,2.46038270795
184,0.69555,0.79321844305,0.5797,2.45173209648
185,0.69386,0.801682995014,0.590725,2.31945262256
186,0.69851,0.784666336927,0.58465,2.45122991108
187,0.69732,0.786969647007,0.585875,2.40833708339
188,0.69922,0.78255323287,0.5933,2.44532639024
189,0.70032,0.779919376392,0.583975,2.45810958581
190,0.69904,0.782670228624,0.580325,2.58065309645
191,0.69918,0.785754754477,0.5827,2.57739408075
192,0.70083,0.781286279373,0.578175,2.55144570538
193,0.69939,0.783006248322,0.58445,2.50779200106
194,0.70082,0.784843900604,0.582575,2.52742473071
195,0.70166,0.777103230705,0.57965,2.53933783305
196,0.69967,0.783636275597,0.5882,2.4998879488
197,0.69996,0.787583188839,0.5832,2.50420207286
198,0.70234,0.779390827751,0.59525,2.39422284529
199,0.70194,0.779634302292,0.588925,2.44872720294
200,0.7017,0.789645732002,0.5913,2.41804343872
201,0.70318,0.781086303501,0.59035,2.42170263462
202,0.70447,0.771459917593,0.58845,2.48662385721
203,0.70394,0.773451936426,0.592875,2.45436540873
204,0.70528,0.770836531601,0.593025,2.39181635275
205,0.70446,0.777213010244,0.59975,2.34358257282
206,0.70527,0.774115720224,0.5851,2.41324379818
207,0.7039,0.780718350229,0.594575,2.30141418493
208,0.70553,0.770892214813,0.5821,2.51528565676
209,0.70232,0.778861797218,0.584775,2.4871178668
210,0.71134,0.757439243736,0.59075,2.44983070991
211,0.70856,0.759737264996,0.59415,2.45845170257
212,0.70703,0.769722448339,0.58855,2.47858986322
213,0.70969,0.764524819832,0.5903,2.46458220855
214,0.70997,0.76666912672,0.591925,2.42694845598
215,0.70942,0.763170271273,0.577225,2.63827772317
216,0.71163,0.759221429005,0.58795,2.46073933029
217,0.71245,0.760653670282,0.59045,2.49865819874
218,0.71188,0.763232422619,0.58975,2.49727091341
219,0.71181,0.760045183849,0.5899,2.50981403039
220,0.71459,0.750659340868,0.5937,2.5366509254
221,0.70932,0.763574966354,0.589775,2.48605237687
222,0.71154,0.759105402813,0.58515,2.55801352799
223,0.71038,0.756851298847,0.5823,2.56654499547
224,0.71416,0.753639073181,0.589025,2.48619166322
225,0.71375,0.752918119698,0.589975,2.55063483
226,0.7096,0.766645567942,0.582975,2.56616529869
227,0.71381,0.755084783335,0.586275,2.492998489
228,0.71146,0.763223971157,0.586125,2.45813670012
229,0.71818,0.741588769684,0.582625,2.51415153795
230,0.71689,0.748005586748,0.583575,2.56850062109
231,0.71826,0.745688013744,0.58705,2.55371816509
232,0.71518,0.750663523045,0.5879,2.58097660582
233,0.71746,0.744755616198,0.58875,2.51244594303
234,0.71767,0.746475289383,0.59215,2.43727497147
235,0.71677,0.751803235893,0.588875,2.4518490654
236,0.71919,0.742037085543,0.5896,2.50879511404
237,0.71695,0.746382629738,0.584275,2.48391492875
238,0.71832,0.746258548975,0.58805,2.5113921531
239,0.72139,0.736240868969,0.581925,2.58844918472
240,0.721,0.737662389994,0.578475,2.58214197254
241,0.7218,0.731845387239,0.5886,2.56241524396
242,0.71866,0.745409140291,0.581075,2.55316634607
243,0.72153,0.735276269503,0.5864,2.49518526857
244,0.72216,0.739481221838,0.58305,2.5427231915
245,0.72001,0.746047182579,0.58375,2.56243453734
246,0.7247,0.726792502117,0.588975,2.53976568928
247,0.72465,0.730271564684,0.586825,2.51935867181
248,0.72109,0.737386563406,0.5911,2.49510640366
249,0.72581,0.723423492174,0.584875,2.61069187391
250,0.72322,0.733442489662,0.588025,2.53145268047
251,0.72604,0.724726422296,0.584725,2.61597280502
252,0.72578,0.730065142021,0.57515,2.68774204236
253,0.72696,0.719313833103,0.59105,2.58926729035
254,0.72752,0.722294104662,0.58085,2.69407929375
255,0.72713,0.722562212076,0.59145,2.54531089581
256,0.72651,0.728182505722,0.5843,2.70473705341
257,0.73043,0.712076765094,0.585825,2.66007322078
258,0.72804,0.71644543952,0.5849,2.65376595833
259,0.72529,0.729980499067,0.5851,2.63280037439
260,0.72776,0.720510408525,0.5801,2.69618419597
261,0.73268,0.705245398703,0.580575,2.71091477251
262,0.7308,0.708996702547,0.576225,2.69580607902
263,0.7284,0.72476742506,0.58335,2.60408820772
264,0.72789,0.71863078383,0.5928,2.59875947294
265,0.72893,0.721281276035,0.5906,2.58898362758
266,0.73089,0.716272843599,0.590675,2.546504442
267,0.72996,0.713805957079,0.58605,2.70698301277
268,0.7338,0.704412512426,0.585775,2.57088020413
269,0.73269,0.711339144745,0.57295,2.79028364167
270,0.7354,0.700616367655,0.5845,2.68187031572
271,0.73162,0.71258849865,0.5863,2.60829706018
272,0.73448,0.704263494844,0.58975,2.60845101047
273,0.73262,0.713340748854,0.580975,2.71128705578
274,0.7355,0.698525301743,0.581525,2.76739536054
275,0.73474,0.701260908546,0.57845,2.67274309057
276,0.73569,0.702410675163,0.58705,2.64683576976
277,0.73809,0.697706197329,0.5904,2.64131321537
278,0.73637,0.704486690245,0.5808,2.67779631683
279,0.73848,0.694069224577,0.592325,2.66161275856
280,0.73513,0.701266890516,0.592675,2.62031972964
281,0.73675,0.698309611835,0.586025,2.6110369606
282,0.73765,0.699493004951,0.575925,2.62742883608
283,0.73851,0.697091074371,0.5846,2.62365408001
284,0.73844,0.695036711903,0.585475,2.68452859893
285,0.73714,0.704751312056,0.58615,2.60254167023
286,0.7366,0.701617400408,0.584525,2.69721884615
287,0.73786,0.70016134613,0.581475,2.80507703669
288,0.73796,0.706453998165,0.5865,2.6964873327
289,0.74076,0.687720181885,0.59145,2.75144530432
290,0.74293,0.683481031027,0.5854,2.79247653766
291,0.74294,0.685684339447,0.58275,2.78028456042
292,0.74102,0.69705380518,0.586025,2.71879042225
293,0.74052,0.693851105556,0.589325,2.6915740191
294,0.74413,0.683495477161,0.587075,2.73275296218
295,0.74413,0.683862488346,0.58605,2.64600632448
296,0.74196,0.69380751421,0.5895,2.66845577817
297,0.74296,0.685140915232,0.5873,2.62511726305
298,0.74402,0.678664504337,0.58395,2.67350046926
299,0.74346,0.685392065659,0.583,2.77381378148
300,0.74517,0.682028535948,0.594825,2.54688784811
301,0.74289,0.690074068089,0.591025,2.57917700031
302,0.74483,0.679694451742,0.589325,2.63340927367
303,0.74581,0.67931307127,0.581875,2.73549508516
304,0.74479,0.680562076526,0.582325,2.76200799112
305,0.74539,0.68419731554,0.58715,2.69617239881
306,0.74564,0.685697405682,0.5848,2.80540567725
307,0.74576,0.679075270061,0.58765,2.68192690279
308,0.74674,0.674846361508,0.58635,2.73699383488
309,0.74613,0.680185097013,0.58655,2.69940149462
310,0.74797,0.676014693642,0.5887,2.69351258931
311,0.74669,0.677245534415,0.590175,2.6647490579
312,0.7481,0.671665846634,0.58555,2.7671092757
313,0.74725,0.680318082042,0.581375,2.72729009011
314,0.74972,0.674274347191,0.586225,2.71869637535
315,0.75121,0.664877173376,0.57525,2.85803354065
316,0.74843,0.67793120615,0.57435,2.78577417164
317,0.75142,0.666647071981,0.5839,2.68014178224
318,0.75232,0.66306872911,0.58195,2.80841612568
319,0.74962,0.670863363838,0.58685,2.72078868947
320,0.74885,0.675766047287,0.576525,2.8143210546
321,0.75122,0.6655442313,0.5855,2.7338516629
322,0.75375,0.664359084034,0.58005,2.87104581549
323,0.75556,0.654619271698,0.580775,2.8517844609
324,0.75305,0.66380733654,0.57825,2.74489833093
325,0.75167,0.6712852455,0.57435,2.81041300066
326,0.75628,0.653763296523,0.581925,2.76320637665
327,0.75158,0.668541940227,0.5748,2.77886365466
328,0.75241,0.661001434741,0.5769,2.80122921801
329,0.75381,0.660669093113,0.57045,2.89266328642
330,0.75404,0.662217659254,0.5819,2.69047997253
331,0.7549,0.661690731697,0.578025,2.81201257808
332,0.75519,0.655675304117,0.57385,2.82178324692
333,0.75597,0.662439504967,0.577525,2.74614619775
334,0.75592,0.655720465851,0.581725,2.77436331649
335,0.75651,0.656013602996,0.583125,2.74900436223
336,0.75499,0.665264765139,0.579075,2.73272860324
337,0.75507,0.657915739031,0.58225,2.75967170249
338,0.75657,0.659392093139,0.58055,2.77918520447
339,0.75715,0.661299976645,0.58545,2.75093759196
340,0.75477,0.6625350633,0.586975,2.6770677269
341,0.75862,0.648487347279,0.580625,2.78671531785
342,0.75569,0.661682721243,0.57555,2.85534678191
343,0.75677,0.662209088731,0.5777,2.86818864238
344,0.75767,0.657872359781,0.576175,2.80052944436
345,0.75826,0.649277570171,0.58215,2.84019060221
346,0.7572,0.653509200039,0.577425,2.82810250545
347,0.75994,0.649130973306,0.5783,2.84606643867
348,0.75964,0.653402126646,0.5791,2.83387768879
349,0.75829,0.659614490018,0.57895,2.7675503252
350,0.75703,0.664724080048,0.580525,2.72538200049
351,0.75901,0.654693375602,0.582975,2.69368263779
352,0.76078,0.650743580713,0.58235,2.80804053078
353,0.75891,0.65701173255,0.57715,2.72837084973
354,0.76409,0.639084522429,0.57795,2.84105296116
355,0.76086,0.649270396438,0.58115,2.75024545531
356,0.76073,0.646964478798,0.58575,2.7772612941
357,0.76045,0.652561856327,0.581575,2.84324469557
358,0.76078,0.652556991663,0.58335,2.75486550677
359,0.76279,0.645719897599,0.5887,2.75372163923
360,0.76354,0.634554028831,0.580575,2.85872124434
361,0.7628,0.64538123641,0.5768,2.86826572576
362,0.76659,0.627079732513,0.582725,2.83203066199
363,0.76278,0.63648660018,0.585625,2.76719871547
364,0.76437,0.647936669078,0.57785,2.85462081871
365,0.76319,0.649404877343,0.580175,2.85405427413
366,0.76253,0.644090025897,0.583425,2.84735831428
367,0.76552,0.643404797812,0.5818,2.85995166976
368,0.76668,0.628976983647,0.5824,2.78864413495
369,0.76753,0.63092912015,0.586775,2.76939767115
370,0.76528,0.640252071323,0.582575,2.87939030461
371,0.76726,0.629697913437,0.57645,2.91118313029
372,0.77022,0.617719717078,0.5797,2.93854880519
373,0.76731,0.629051295877,0.57085,2.86627985682
374,0.76586,0.630844875507,0.576925,2.90409377881
375,0.76833,0.628282125568,0.5715,2.97314684486
376,0.76521,0.642171053753,0.574325,2.92797585425
377,0.76748,0.636534953623,0.57975,2.9053034252
378,0.76618,0.632552078929,0.57425,2.85397348807
379,0.76524,0.640295049672,0.581,2.70109625516
380,0.77174,0.619210388336,0.579375,2.79416283624
381,0.76758,0.630309991722,0.580825,2.75086234818
382,0.77279,0.617660561309,0.579125,2.8873571084
383,0.77296,0.614164909229,0.584875,2.80512415524
384,0.77154,0.621039572139,0.5801,2.80233172457
385,0.77071,0.622198089404,0.577125,2.86699886718
386,0.77026,0.627473336382,0.576075,2.78612259145
387,0.77063,0.63032631124,0.581275,2.77786133599
388,0.77279,0.612511367574,0.584825,2.81077403226
389,0.77433,0.609731010046,0.5826,2.9416617764
390,0.77239,0.626968134151,0.57365,2.91394192262
391,0.77195,0.62019056859,0.577025,2.87619212582
392,0.77317,0.61577184515,0.5856,2.84219767988
393,0.77331,0.611875399294,0.581075,2.85179434025
394,0.77564,0.609490823398,0.575625,2.8849375855
395,0.77402,0.619057375221,0.581075,2.79394588132
396,0.7746,0.615654723539,0.5793,2.94713026104
397,0.77686,0.604362089901,0.580775,2.91914703584
398,0.77666,0.612796819868,0.577975,2.95218607633
399,0.77514,0.611347486234,0.577625,2.88810956807
400,0.77491,0.612512899947,0.57855,2.93052460692
401,0.77473,0.615322869029,0.58325,2.85920993938
402,0.77641,0.612324488063,0.57405,2.93229694982
403,0.77771,0.605096774955,0.5805,2.89968044178
404,0.77887,0.596832408476,0.580325,2.87402703464
405,0.77768,0.607793055248,0.584675,2.88493885355
406,0.77628,0.616410784783,0.580375,2.85265969491
407,0.77493,0.614774174466,0.5751,2.98134309528
408,0.77678,0.615924142723,0.575825,2.85814680438
409,0.77822,0.61337918375,0.586075,2.79218997104
410,0.77876,0.607037390528,0.586325,2.83509507685
411,0.77756,0.613437336507,0.57675,2.85676021681
412,0.77782,0.616178447924,0.58145,2.79229185014
413,0.77906,0.609602324309,0.5791,2.90171257496
414,0.7778,0.607790812283,0.577175,2.81965828691
415,0.77809,0.613304261827,0.5783,2.83444474876
416,0.78209,0.597870078216,0.5801,2.85348265061
417,0.77857,0.604417887549,0.58235,2.8582690443
418,0.77946,0.60552931776,0.5731,2.94865345659
419,0.7819,0.593960779953,0.5755,2.95799634066
420,0.77861,0.606209546509,0.5752,2.91628132195
421,0.77978,0.60367980722,0.575,2.90443378012
422,0.77923,0.607204141536,0.571,2.97076966932
423,0.77998,0.601297776289,0.57765,2.90404546108
424,0.78021,0.604925663133,0.5781,2.86449281468
425,0.78067,0.608072468829,0.572925,2.95876863658
426,0.78263,0.599347963409,0.577775,2.86271782316
427,0.78087,0.60988796145,0.567175,2.98386851406
428,0.7816,0.605021202574,0.5803,2.8806396522
429,0.78286,0.593074376011,0.574875,3.00928430662
430,0.78444,0.593811231136,0.57955,2.95945289506
431,0.78198,0.59945156744,0.580775,2.97303266871
432,0.78429,0.59439890264,0.579025,2.92021889493
433,0.7834,0.594954916024,0.561775,3.08934055698
434,0.78224,0.601189397182,0.583075,2.86813409536
435,0.78405,0.594991543007,0.583575,2.82221641812
436,0.78369,0.595609980874,0.5866,2.86017246606
437,0.7872,0.587677240872,0.583775,2.82641316237
438,0.78568,0.582335883627,0.5832,2.93596906705
439,0.78667,0.586458409939,0.58105,2.95273178864
440,0.78574,0.587035786629,0.5781,2.95957158339
441,0.78461,0.592579442925,0.573325,2.96274731098
442,0.78627,0.588147497025,0.573375,2.9311055944
443,0.78744,0.589496729355,0.570775,2.96620531323
444,0.78734,0.591328509302,0.57775,2.90323163857
445,0.78856,0.584495725455,0.5755,2.88603484726
446,0.78477,0.595707058978,0.576725,2.93970622847
447,0.78592,0.594595166664,0.5818,2.85860100489
448,0.78593,0.592434357924,0.5831,2.88416001072
449,0.788,0.587051471624,0.5792,2.95738849993
450,0.78919,0.575446336751,0.5813,2.96274920323
451,0.78795,0.584112167034,0.579625,2.96274404459
452,0.78906,0.583350140972,0.5747,3.01584438326
453,0.79032,0.579028696613,0.57955,2.93167601224
454,0.79092,0.579931753821,0.578475,2.97840401456
455,0.78883,0.587033092675,0.5741,3.01682945793
456,0.78799,0.5931979352,0.579,2.86654320736
457,0.79059,0.57821505209,0.5767,2.95444746428
458,0.78699,0.592331925907,0.577625,2.94055943227
459,0.78981,0.579455435653,0.57315,2.97906798971
460,0.79115,0.583301497211,0.5733,2.96238225799
461,0.79107,0.579898882513,0.57435,2.89321134014
462,0.79188,0.575558547163,0.575275,2.95242590728
463,0.79157,0.577543073425,0.575525,2.94344676099
464,0.79333,0.5701926794,0.576325,2.97414779291
465,0.79131,0.580324984312,0.5786,2.89422946435
466,0.79083,0.579142214565,0.57365,2.95175106459
467,0.79275,0.580155319629,0.571125,2.88068666527
468,0.79212,0.576422157607,0.579825,2.84342253025
469,0.79194,0.584624445729,0.5722,2.88365353246
470,0.79364,0.572500465159,0.5772,2.9229170542
471,0.79119,0.581234903316,0.58175,2.92519198911
472,0.79502,0.565705276036,0.57335,3.01140382297
473,0.79331,0.570068185091,0.5727,2.96807144208
474,0.79597,0.565512760596,0.578475,2.9277538311
475,0.79129,0.582915172272,0.577275,2.90607467594
476,0.79401,0.567327491837,0.58005,3.00317529931
477,0.7928,0.570783437252,0.574275,2.95915118504
478,0.79762,0.559005432348,0.57295,3.05773571258
479,0.79595,0.567298105512,0.571675,3.02910007234
480,0.79432,0.566360908594,0.5739,2.96653834136
481,0.79443,0.577842757888,0.576725,2.9060153784
482,0.79711,0.559893136296,0.5831,2.90601450441
483,0.79904,0.555970678821,0.575,3.05872933171
484,0.7957,0.564503087435,0.574125,3.01712741914
485,0.79699,0.565352583027,0.574675,3.02576838732
486,0.79688,0.570644892631,0.569025,2.98518951492
487,0.79723,0.563226235409,0.5736,2.98698346312
488,0.79613,0.565256148877,0.5767,3.01642312284
489,0.79798,0.560754612513,0.575475,3.09207357197
490,0.79679,0.567387315168,0.574925,2.9993240864
491,0.79921,0.552188118281,0.573675,2.99766087313
492,0.79566,0.576187934608,0.573025,2.96655791316
493,0.80084,0.548376137881,0.57445,3.02611370065
494,0.79988,0.554733765774,0.573325,3.06073556759
495,0.79668,0.567157185531,0.5754,2.9699804612
496,0.79884,0.561313970232,0.5725,3.04975419605
497,0.80086,0.556011236534,0.575075,2.97788392757
498,0.79972,0.562343228173,0.577325,2.95603239565
499,0.80109,0.553580357151,0.570375,3.0047732698
0,0.900875,0.223866654482,0.827333333333,0.383483245532
1,0.920822916667,0.187834240114,1.0,0.00192409963347
2,0.926572916667,0.17493841114,0.941708333333,0.150037277586
3,0.930166666667,0.164777128036,0.92475,0.155389360713
4,0.932833333333,0.167084963286,0.9995,0.00182623836103
5,0.934604166667,0.158705069656,0.838708333333,0.352638065092
0,0.812131944444,0.453542384543,0.738055555556,0.604507107006
1,0.838423611111,0.404940360174,0.93575,0.202219226744
2,0.848444444444,0.383938222145,0.818972222222,0.367770763519
3,0.850916666667,0.377422661982,0.883638888889,0.326682054126
4,0.858673611111,0.361110338286,0.908833333333,0.361596583896
5,0.861256944444,0.359852257755,0.785527777778,0.509375240172
6,0.863548611111,0.353508323494,0.923416666667,0.210444074376
7,0.868305555556,0.342483442436,0.855,0.485260642409
8,0.8698125,0.338663859277,0.894111111111,0.296019739521
9,0.873888888889,0.331396716241,0.910888888889,0.188179430193
10,0.877798611111,0.321685114066,0.799944444444,0.479552987756
11,0.878416666667,0.327428614037,0.937638888889,0.194570784064
12,0.882472222222,0.314967792415,0.852194444444,0.333740608176
13,0.883791666667,0.311097118118,0.888361111111,0.29972488851
14,0.888861111111,0.299711018564,0.919027777778,0.185775198509
15,0.891368055556,0.294626892534,0.803694444444,0.483657312277
16,0.893625,0.290651940673,0.914861111111,0.220126358731
17,0.898472222222,0.278235287166,0.86525,0.322317062775
18,0.899256944444,0.280087450008,0.887638888889,0.310856407901
19,0.904090277778,0.266810456053,0.926638888889,0.200086930083
20,0.907451388889,0.261844152951,0.796722222222,0.532687561995
0,0.713713541667,0.704488680278,0.705208333333,0.706719608684
1,0.757109375,0.61527854867,0.754083333333,0.582296012163
2,0.774067708333,0.577978528696,0.828375,0.456950578031
3,0.784453125,0.555402515548,0.798479166667,0.504232680164
4,0.794885416667,0.536578033658,0.814791666667,0.427381535408
5,0.802041666667,0.521100605162,0.751770833333,0.601151761141
6,0.8113125,0.501513400974,0.810416666667,0.469989814198
7,0.8175625,0.482927131437,0.8460625,0.411655623312
8,0.825963541667,0.466795900383,0.820375,0.447488174362
9,0.834697916667,0.446477419735,0.834,0.403111047583
10,0.841661458333,0.431769360417,0.764208333333,0.58083751208
11,0.850598958333,0.409829840086,0.827291666667,0.432933041503
12,0.857265625,0.39315583073,0.846333333333,0.409245271329
13,0.865828125,0.377553554429,0.824604166667,0.468043054481
14,0.8725625,0.364664537595,0.831604166667,0.482930457267
15,0.878927083333,0.344737635738,0.780625,0.584131145995
16,0.88734375,0.326315670227,0.8283125,0.453552606824
17,0.892651041667,0.31871803647,0.832145833333,0.470854272594
18,0.899963541667,0.302872243357,0.8271875,0.493224203652
19,0.905619791667,0.287406761177,0.843875,0.474731057108
0,0.668213541667,0.783209172149,0.64175,0.830240118086
1,0.71515625,0.69313364322,0.763395833333,0.567952914975
2,0.732052083333,0.657301081195,0.782333333333,0.562194605521
3,0.74665625,0.628898173695,0.738229166667,0.609781371859
4,0.755286458333,0.614213273205,0.77825,0.506489985791
5,0.7636875,0.597186289812,0.706020833333,0.701108593333
6,0.774307291667,0.57329163151,0.793708333333,0.506151322526
7,0.782322916667,0.552482782034,0.817895833333,0.474183205266
8,0.790838541667,0.540848906626,0.75375,0.597803017972
9,0.79821875,0.52059870704,0.786958333333,0.501582123417
10,0.809395833333,0.500164676018,0.7216875,0.681812920022
11,0.817333333333,0.484596478745,0.7941875,0.509655331809
12,0.826213541667,0.464200035977,0.8210625,0.45904763196
13,0.837083333333,0.436898746667,0.7699375,0.584106806085
14,0.845791666667,0.420488372302,0.802166666667,0.517232245609
15,0.855890625,0.399707278188,0.725020833333,0.723173357915
16,0.862984375,0.385865168991,0.807645833333,0.503839862155
17,0.869526041667,0.36970918001,0.816625,0.508560530181
18,0.880255208333,0.346290599424,0.79,0.564029546435
19,0.886520833333,0.332868399217,0.8141875,0.549219639217
20,0.89528125,0.311440884146,0.7415625,0.779228920817
21,0.900333333333,0.30185148073,0.799645833333,0.569282161591
22,0.905416666667,0.290520829933,0.825208333333,0.52455320065
23,0.908609375,0.286407617539,0.782520833333,0.68003172377
24,0.91578125,0.269174050651,0.810020833333,0.647534745157
25,0.920322916667,0.259319624489,0.7415625,0.887258827423
26,0.925932291667,0.242543991587,0.796791666667,0.62626669312
27,0.929864583333,0.233852945913,0.813916666667,0.626132770566
28,0.932473958333,0.228817597607,0.794916666667,0.654653865856
29,0.935802083333,0.221922403756,0.816916666667,0.658840527092
30,0.939911458333,0.20988192974,0.7510625,0.920206297307
31,0.939359375,0.215032245596,0.801895833333,0.655684201767
32,0.943552083333,0.204776436015,0.816729166667,0.621731653328
33,0.947296875,0.19164464272,0.788083333333,0.71650170894
34,0.947265625,0.20079731205,0.829104166667,0.649629384818
35,0.951057291667,0.181909640281,0.75525,0.917468110986
36,0.952901041667,0.176859119789,0.811729166667,0.67735801808
37,0.953729166667,0.178246019991,0.823729166667,0.628923462359
38,0.956510416667,0.170656919696,0.787479166667,0.748885210168
39,0.956078125,0.174469210362,0.837541666667,0.611331946814
40,0.957895833333,0.169580959577,0.755583333333,0.91985834374
41,0.959770833333,0.164744524499,0.810916666667,0.732302609597
42,0.959385416667,0.165802360057,0.814854166667,0.673859711153
43,0.962005208333,0.161659155897,0.795,0.747470263724
44,0.963276041667,0.1565905621,0.838979166667,0.613643288164
45,0.963817708333,0.152678390694,0.7613125,0.911514482625
46,0.963229166667,0.160500182591,0.8025625,0.760989234659
47,0.965453125,0.152094014932,0.8191875,0.702307183187
48,0.965213541667,0.152002667247,0.800208333333,0.722433213331
49,0.967401041667,0.14343232363,0.835458333333,0.634913547261
50,0.967947916667,0.141784026607,0.763958333333,0.890336308858
51,0.96740625,0.147059436637,0.8048125,0.7023070228
52,0.968234375,0.145295889368,0.806958333333,0.704708777686
53,0.968994791667,0.142388056419,0.804041666667,0.720126160784
54,0.969984375,0.137137460484,0.8335625,0.650697323721
55,0.97090625,0.13249745285,0.768479166667,0.936773973138
56,0.97153125,0.134738076326,0.8031875,0.71846150551
57,0.970916666667,0.138469858986,0.8270625,0.668575508005
58,0.972713541667,0.127325839773,0.792666666667,0.780844114347
59,0.971197916667,0.139125237105,0.845770833333,0.590834992802
60,0.972807291667,0.132094251097,0.768416666667,0.870123196227
61,0.9735625,0.12496627368,0.808,0.765513011389
62,0.973380208333,0.131149032341,0.828979166667,0.723186769715
63,0.97353125,0.130107719758,0.807854166667,0.704596805385
64,0.974625,0.12461359914,0.8278125,0.685097521912
65,0.975177083333,0.121855329678,0.76725,0.933199005578
66,0.974307291667,0.129185336742,0.809604166667,0.725966800679
67,0.972171875,0.139211727488,0.815416666667,0.677008040005
68,0.97484375,0.126554547237,0.805416666667,0.742258170509
69,0.974442708333,0.129381707446,0.8319375,0.671345899898
70,0.977078125,0.115396349302,0.771291666667,0.888409132684
71,0.974442708333,0.130605156628,0.807375,0.766980372469
72,0.976005208333,0.122860640538,0.808354166667,0.701646387196
73,0.975052083333,0.128322821204,0.812479166667,0.692406869896
74,0.975729166667,0.126573123928,0.840020833333,0.615327208705
75,0.975979166667,0.124190218949,0.770541666667,0.921239502629
76,0.976489583333,0.121549328597,0.814770833333,0.724294807469
77,0.976984375,0.11711072932,0.820854166667,0.689101276925
78,0.979473958333,0.105550495184,0.802729166667,0.78333076104
79,0.97771875,0.11613753605,0.839895833333,0.631525467266
80,0.976802083333,0.123219589892,0.7773125,0.848840868562
81,0.97684375,0.122565321871,0.815395833333,0.702545183007
82,0.9780625,0.117737602978,0.816708333333,0.686247886275
83,0.977901041667,0.118625833213,0.8069375,0.707298714896
84,0.976666666667,0.123531671171,0.835666666667,0.613910921924
85,0.979114583333,0.111875316719,0.7796875,0.868912340833
86,0.978213541667,0.114769962111,0.8054375,0.726767923287
87,0.979328125,0.111839877149,0.817770833333,0.699153636215
88,0.979536458333,0.110829025004,0.812833333333,0.664774807806
89,0.979307291667,0.112736770053,0.833604166667,0.635735304356
90,0.978401041667,0.11782413235,0.7784375,0.85979066533
91,0.980036458333,0.110312596171,0.8100625,0.757155081642
92,0.97909375,0.111789467489,0.80975,0.731660226074
93,0.979692708333,0.111149032167,0.8148125,0.703652994419
94,0.979453125,0.111612440721,0.8399375,0.617109725023
95,0.980765625,0.106085128955,0.782979166667,0.833930772254
96,0.979765625,0.109855571094,0.804875,0.771558964126
97,0.980744791667,0.105720527152,0.8216875,0.683689706745
98,0.980489583333,0.109216847866,0.818770833333,0.678779300417
99,0.978947916667,0.11596421376,0.842354166667,0.591801575587
100,0.980229166667,0.109800229791,0.785104166667,0.837004319559
101,0.9798125,0.112714857496,0.804229166667,0.749944510686
102,0.978838541667,0.118557843547,0.82575,0.657419937129
103,0.981098958333,0.104328197424,0.817875,0.705377095976
104,0.980333333333,0.109843300421,0.8365,0.633689149958
105,0.981020833333,0.106943273578,0.7845625,0.822189226874
106,0.981041666667,0.106504958959,0.8018125,0.744139319533
107,0.980963541667,0.107324067373,0.818166666667,0.680353476879
108,0.9815625,0.104058944687,0.825645833333,0.676183599493
109,0.981125,0.10906008918,0.842020833333,0.596726205025
110,0.982114583333,0.10090030815,0.789041666667,0.800370273814
111,0.981307291667,0.105814823763,0.806833333333,0.756779167528
112,0.980619791667,0.107715149663,0.8181875,0.685249173969
113,0.982526041667,0.0997631149769,0.815166666667,0.715355817061
114,0.981286458333,0.107013197937,0.8391875,0.590438303779
115,0.981760416667,0.105046197899,0.7865,0.848648470858
116,0.980390625,0.109596758817,0.802125,0.763479935753
117,0.980854166667,0.107138607891,0.823166666667,0.678325107054
118,0.983020833333,0.0974713056485,0.811875,0.706711866915
119,0.981552083333,0.106150358974,0.8391875,0.616978412406
120,0.980916666667,0.109657310892,0.786020833333,0.837017276282
121,0.981515625,0.105066418482,0.805354166667,0.728339533073
122,0.981114583333,0.109122170575,0.811541666667,0.698602025686
123,0.982552083333,0.10148654552,0.819458333333,0.692651179435
124,0.982401041667,0.100087219624,0.832145833333,0.653023218868
125,0.981484375,0.106052320368,0.788375,0.80293478513
126,0.982734375,0.0994189103827,0.804625,0.786350586011
127,0.982260416667,0.102319476624,0.8244375,0.653690199273
128,0.982291666667,0.102853287336,0.81225,0.702161975419
129,0.983494791667,0.0949993124499,0.835770833333,0.652183313754
130,0.982182291667,0.103158906167,0.7883125,0.812872577041
131,0.982744791667,0.10066991178,0.800791666667,0.770019564686
132,0.984208333333,0.0930984923525,0.8199375,0.689483199331
133,0.983708333333,0.0946634452404,0.823166666667,0.690124668479
134,0.982828125,0.0991327204808,0.838416666667,0.615951596179
135,0.984385416667,0.090344097175,0.7951875,0.791172412369
136,0.982489583333,0.104055867103,0.8009375,0.730390856914
137,0.983057291667,0.0988864558295,0.809,0.715838769054
138,0.982671875,0.100635129626,0.812895833333,0.695563933947
139,0.983145833333,0.0988149100918,0.8395625,0.596071551496
140,0.983026041667,0.0992931128093,0.793291666667,0.792382888382
141,0.982072916667,0.104346848399,0.806333333333,0.752656659032
142,0.983375,0.098398862293,0.8259375,0.663209488579
143,0.9819375,0.105155015598,0.8189375,0.681855917082
144,0.983057291667,0.0976986347106,0.835166666667,0.640019327249
145,0.982088541667,0.105387140213,0.794708333333,0.789096576946
146,0.982697916667,0.101177020332,0.797583333333,0.793974737295
147,0.982947916667,0.100492122817,0.823416666667,0.663225707908
148,0.982140625,0.104868722132,0.813541666667,0.683661412935
149,0.982614583333,0.101559077424,0.839416666667,0.621840150514
150,0.982567708333,0.101805923945,0.795229166667,0.813402015122
151,0.982791666667,0.102123279491,0.801375,0.795996277
152,0.982317708333,0.103946506469,0.8153125,0.701874026248
153,0.982958333333,0.0994890543922,0.827229166667,0.663572920687
154,0.982390625,0.10223251916,0.835416666667,0.639438505489
155,0.981572916667,0.10771901851,0.799708333333,0.767731184951
156,0.982895833333,0.101421056744,0.797,0.776059167132
157,0.98278125,0.101237457464,0.8211875,0.677246314657
158,0.982614583333,0.101863994972,0.821708333333,0.664727947551
159,0.981296875,0.108069123792,0.832041666667,0.646817825964
160,0.982088541667,0.104657746406,0.803541666667,0.735995324003
161,0.983541666667,0.0962411391751,0.7970625,0.77016716674
162,0.984328125,0.0929085850548,0.822916666667,0.675396214509
163,0.982401041667,0.104336281247,0.824333333333,0.65030161328
164,0.983661458333,0.096934310089,0.836041666667,0.613374403
165,0.984578125,0.0917355141291,0.798208333333,0.793811956967
166,0.982328125,0.104079732055,0.7999375,0.755875218756
167,0.984036458333,0.0951131480655,0.816979166667,0.72343119324
168,0.983114583333,0.100308415621,0.8175625,0.701775574088
169,0.982427083333,0.104510527951,0.834479166667,0.641749319702
170,0.982776041667,0.100788277122,0.803604166667,0.760581434223
171,0.98284375,0.100910597234,0.796395833333,0.800921321414
172,0.983302083333,0.0983413240418,0.819520833333,0.674311211848
173,0.983395833333,0.0988157342387,0.827395833333,0.647134070321
174,0.983390625,0.0964628560806,0.835520833333,0.626843757559
175,0.983666666667,0.0957033930441,0.805020833333,0.764725021011
176,0.984036458333,0.096190046728,0.801020833333,0.765291085387
177,0.984354166667,0.0936287167693,0.822895833333,0.654083286016
178,0.9825625,0.101829800484,0.816708333333,0.700414847213
179,0.984385416667,0.0924419822752,0.8285,0.664086740376
180,0.983203125,0.0996065482471,0.808020833333,0.736297305857
181,0.984265625,0.0942437436151,0.796916666667,0.768434918874
182,0.984057291667,0.0954129239761,0.825395833333,0.671436645164
183,0.984020833333,0.0946253960195,0.819791666667,0.6602137973
184,0.982572916667,0.10250344521,0.837604166667,0.598447676133
185,0.982234375,0.103468550639,0.806,0.740134900773
186,0.983838541667,0.0957572777087,0.800479166667,0.751862853622
187,0.982671875,0.101065983991,0.822666666667,0.651399634268
188,0.983630208333,0.0968501509636,0.827166666667,0.636773716992
189,0.982671875,0.101515768779,0.834041666667,0.627324571051
190,0.983635416667,0.0954872369979,0.809666666667,0.713535401875
191,0.984375,0.0949651625312,0.797666666667,0.787300240651
192,0.982671875,0.101659104069,0.823645833333,0.66011702067
193,0.983484375,0.097170717154,0.8240625,0.655354699985
194,0.984135416667,0.0943377529876,0.836,0.631379132204
195,0.983802083333,0.0961574027418,0.80525,0.764739056833
196,0.982791666667,0.10221558824,0.799479166667,0.736453414412
197,0.983921875,0.0952959063263,0.8258125,0.663565718947
198,0.9838125,0.0972764264126,0.819625,0.649173009658
199,0.984536458333,0.0921703984195,0.831145833333,0.650779760117
200,0.984729166667,0.0918141031282,0.807541666667,0.763200054785
201,0.984041666667,0.0948035424143,0.7991875,0.739186992418
202,0.982234375,0.105321335255,0.8265,0.63872316355
203,0.984046875,0.0949489998474,0.824020833333,0.652100279034
204,0.983994791667,0.0947919506836,0.834416666667,0.631089576196
205,0.98525,0.0881358910581,0.80725,0.759412522911
206,0.983546875,0.0973797694303,0.798625,0.742159610494
207,0.984609375,0.0926105037308,0.8290625,0.662232426408
208,0.984484375,0.0932270271967,0.827166666667,0.650057790443
209,0.98425,0.0931236836826,0.827625,0.655941432506
210,0.983140625,0.09848349499,0.809333333333,0.727336849827
211,0.98353125,0.0980499850331,0.792791666667,0.785303464867
212,0.983411458333,0.0972063665454,0.828979166667,0.662756214801
213,0.983619791667,0.0959098221656,0.819,0.676813817982
214,0.9828125,0.100246643454,0.8253125,0.660310204744
215,0.9845,0.0908653123337,0.807583333333,0.748370055108
216,0.983614583333,0.097240242864,0.7953125,0.797719263942
217,0.98421875,0.093164828878,0.826333333333,0.672206803172
218,0.983473958333,0.0973856991495,0.817958333333,0.689023539281
219,0.98365625,0.0975921726271,0.8321875,0.616775705903
220,0.984958333333,0.0897751362234,0.815208333333,0.723066381842
221,0.985083333333,0.0893194199385,0.791979166667,0.7986322243
222,0.983963541667,0.094712446345,0.819104166667,0.678538666704
223,0.984385416667,0.0933825752214,0.8231875,0.658572226986
224,0.98375,0.0966311619593,0.826395833333,0.651029469285
225,0.984796875,0.0908979598512,0.818875,0.718022871107
226,0.983098958333,0.100118307861,0.789395833333,0.779121796762
227,0.983692708333,0.0964793934848,0.810791666667,0.70237995909
228,0.98253125,0.102730531997,0.8278125,0.634373026292
229,0.983817708333,0.0938724696228,0.829625,0.628408624046
230,0.984953125,0.0902901289226,0.819208333333,0.691539903173
231,0.984192708333,0.0934922890082,0.792333333333,0.806118896529
232,0.984864583333,0.0905798613576,0.8234375,0.680489853013
233,0.983984375,0.0955611395774,0.823479166667,0.657769722277
234,0.983614583333,0.0971999987717,0.828854166667,0.659680811341
235,0.984015625,0.0942025991906,0.818041666667,0.688178868172
236,0.984135416667,0.0939427365687,0.793666666667,0.79526335168
237,0.983916666667,0.0944931010876,0.821916666667,0.688088336904
238,0.984182291667,0.0939788642991,0.82425,0.651140780751
239,0.984869791667,0.0911471615322,0.8296875,0.64575969578
240,0.9841875,0.0945390835105,0.825958333333,0.674165089866
241,0.984265625,0.0923665082136,0.7915,0.79121639435
242,0.984901041667,0.0893363340107,0.817666666667,0.693840755045
243,0.98421875,0.0938713659463,0.8218125,0.665637923677
244,0.983286458333,0.0980960220728,0.8315,0.61734763678
245,0.984755208333,0.0906699001843,0.825645833333,0.658695619889
246,0.983760416667,0.0964175111256,0.792125,0.791040788305
247,0.983682291667,0.0970879029615,0.825729166667,0.643008661415
248,0.984276041667,0.0920323219985,0.824791666667,0.673985523811
249,0.984052083333,0.0937802265434,0.8275625,0.64082475684
250,0.98371875,0.096216826142,0.822145833333,0.681485828763
251,0.983182291667,0.0988025972086,0.792104166667,0.791974348309
252,0.984651041667,0.0911451973518,0.823166666667,0.662191639122
253,0.985,0.0888210479975,0.829708333333,0.627523956372
254,0.985546875,0.0867836316954,0.8283125,0.66577711471
255,0.984609375,0.0912760346905,0.823833333333,0.684379241414
256,0.983817708333,0.0957371171732,0.7925,0.768453968881
257,0.983776041667,0.0959552247338,0.8176875,0.695202289841
258,0.983713541667,0.0944414403867,0.823416666667,0.656828448436
259,0.984875,0.0901467973954,0.824041666667,0.660844016662
260,0.984015625,0.0938468020678,0.822541666667,0.672592392464
261,0.984083333333,0.0945611005793,0.7860625,0.809111920471
262,0.985473958333,0.0865699366131,0.815083333333,0.703125587971
263,0.983276041667,0.0974200952787,0.833208333333,0.621196856156
264,0.985541666667,0.0858723328395,0.829875,0.657668227235
265,0.984416666667,0.0931443640315,0.8191875,0.700821891953
266,0.9845,0.0912864871495,0.787854166667,0.798278233958
267,0.98484375,0.089142552134,0.830270833333,0.672252250233
268,0.98328125,0.0984837268157,0.824479166667,0.656587271413
269,0.98490625,0.0879590106043,0.826229166667,0.650305402239
270,0.984526041667,0.0908293737524,0.826895833333,0.666111345783
271,0.984203125,0.0927222656859,0.7899375,0.788477034383
272,0.98453125,0.0909172672958,0.823,0.667631682318
273,0.984661458333,0.0896549751829,0.831416666667,0.646730759903
274,0.984057291667,0.0930209716105,0.826770833333,0.645807970907
275,0.98440625,0.0922373655396,0.829229166667,0.671632341345
276,0.982994791667,0.0992419212493,0.787666666667,0.793759375782
277,0.983875,0.0943437164071,0.813541666667,0.6787813488
278,0.983901041667,0.0946059491366,0.829854166667,0.631506119361
279,0.983515625,0.0957138489815,0.823791666667,0.668921707585
280,0.983473958333,0.095954833018,0.8251875,0.690801737428
281,0.985151041667,0.0882443056635,0.788583333333,0.799518331364
282,0.984770833333,0.090022487826,0.824979166667,0.655509129446
283,0.9841875,0.0923680640989,0.827479166667,0.672785866095
284,0.983432291667,0.0961812453761,0.825541666667,0.633632668628
285,0.98475,0.088949485564,0.831104166667,0.646778363492
286,0.983817708333,0.0959722118739,0.787395833333,0.816137009942
287,0.98409375,0.0927199115551,0.821020833333,0.679936412831
288,0.983880208333,0.0934122185156,0.827791666667,0.655790111535
289,0.984114583333,0.092359782493,0.8291875,0.648026840543
290,0.984760416667,0.0901003470816,0.830833333333,0.650283847218
291,0.983458333333,0.0958004780686,0.7861875,0.83233527748
292,0.98496875,0.0878061680857,0.826875,0.658040175298
293,0.984619791667,0.0905182676741,0.819479166667,0.680280034676
294,0.98459375,0.0909018184476,0.826625,0.670335633744
295,0.985692708333,0.0846977960626,0.8409375,0.610266273031
296,0.9836875,0.095353198658,0.7853125,0.822082715107
297,0.984588541667,0.0910853192039,0.818,0.713300562641
298,0.983765625,0.0941358283081,0.8285,0.64686655363
299,0.984890625,0.0889786431148,0.825270833333,0.659712490942
300,0.986083333333,0.0828658802639,0.831583333333,0.673248110677
301,0.9835,0.0962798109679,0.784770833333,0.820986225123
302,0.984953125,0.088293686549,0.823416666667,0.69517799723
303,0.985640625,0.0842920814348,0.833,0.662447209222
304,0.984546875,0.091313262515,0.828145833333,0.64536550267
305,0.984567708333,0.0910781471405,0.831375,0.659070131497
306,0.98465625,0.0903416387273,0.783916666667,0.831104222193
307,0.983078125,0.0970021090431,0.826479166667,0.656859454872
308,0.984322916667,0.0903030259291,0.833583333333,0.616183188543
309,0.984333333333,0.0928573657152,0.826729166667,0.64539175852
310,0.984833333333,0.089538745526,0.832854166667,0.67773559819
311,0.984375,0.0897559224417,0.786270833333,0.827189558441
312,0.985557291667,0.0853494107677,0.82425,0.675250917954
313,0.98546875,0.0857933545986,0.821833333333,0.679902159175
314,0.984770833333,0.0887104050414,0.825,0.629899091569
315,0.98521875,0.0862562956213,0.8310625,0.674193791373
316,0.9839375,0.0931635270156,0.784354166667,0.847363405916
317,0.986619791667,0.0790719651609,0.818145833333,0.715315564188
318,0.984130208333,0.091703406632,0.829979166667,0.650666181347
319,0.985005208333,0.0875714894182,0.827375,0.652266533955
320,0.984192708333,0.091914917074,0.834895833333,0.6537288299
321,0.984541666667,0.0897261454666,0.783229166667,0.832505563137
322,0.9845,0.0900162785433,0.8096875,0.76786550532
323,0.984364583333,0.0901630397332,0.828854166667,0.658595779407
324,0.984619791667,0.0884300637396,0.820395833333,0.687230271689
325,0.984817708333,0.0877165579782,0.837125,0.661114462923
326,0.984380208333,0.0910070703916,0.784208333333,0.823007939837
327,0.984776041667,0.0881934490198,0.82375,0.682457886333
328,0.985682291667,0.0836917456054,0.835270833333,0.646749327738
329,0.984890625,0.0889939401488,0.828479166667,0.647692354168
330,0.98534375,0.0869104693291,0.8330625,0.67554010178
331,0.985385416667,0.0862138011095,0.780333333333,0.837784415347
332,0.984859375,0.0878628099012,0.827,0.627708639182
333,0.985489583333,0.084872466249,0.829,0.66455731129
334,0.983932291667,0.0938936114882,0.828291666667,0.659097719807
335,0.985635416667,0.0835343561115,0.827958333333,0.703339298051
336,0.984541666667,0.0900373333936,0.781,0.859511941373
337,0.984807291667,0.0892424043098,0.8273125,0.64949716701
338,0.984572916667,0.0894266066,0.832166666667,0.640953567745
339,0.984015625,0.0922420358097,0.822583333333,0.642833298412
340,0.985078125,0.0873092201271,0.839729166667,0.657912785798
341,0.984375,0.090806200872,0.780833333333,0.828811433965
342,0.98546875,0.08508414112,0.828583333333,0.672133861181
343,0.984723958333,0.0883458850281,0.8294375,0.637531205262
344,0.98528125,0.0867179254412,0.822625,0.673132769972
345,0.984223958333,0.0917551945065,0.835875,0.646839891911
346,0.985598958333,0.0846569651548,0.781875,0.859898401162
347,0.984375,0.0901994923729,0.822854166667,0.693098561952
348,0.985390625,0.0854725121602,0.834458333333,0.641288187211
349,0.983755208333,0.093863249882,0.8226875,0.656298161683
350,0.985473958333,0.0840197131414,0.836791666667,0.665323946894
351,0.9838125,0.0934974724933,0.778979166667,0.818786429033
352,0.986041666667,0.0827839606592,0.824770833333,0.688375360062
353,0.985942708333,0.0822626069694,0.832854166667,0.643347477394
354,0.985833333333,0.0823080865045,0.8240625,0.668539699067
355,0.985578125,0.0847017597409,0.846895833333,0.589118166007
356,0.984515625,0.089174340649,0.779041666667,0.866704923493
357,0.984625,0.0908929586054,0.822645833333,0.670502283037
358,0.985354166667,0.0859006104337,0.837958333333,0.613174904894
359,0.98465625,0.0894201617176,0.822854166667,0.6713875633
360,0.983885416667,0.0917378098244,0.856333333333,0.570655469594
361,0.984927083333,0.0870394877414,0.778708333333,0.842082999202
362,0.984822916667,0.087631088274,0.826166666667,0.680098275484
363,0.984963541667,0.0886284016146,0.838229166667,0.612110292943
364,0.985057291667,0.0853052905786,0.826979166667,0.698569677101
365,0.985734375,0.0833745433386,0.853604166667,0.588197906749
366,0.984640625,0.0891005761578,0.776729166667,0.873158590676
367,0.984989583333,0.0877527680883,0.829395833333,0.64211148104
368,0.98509375,0.0855304930245,0.830208333333,0.619591901219
369,0.98521875,0.0852995257809,0.8290625,0.635015840489
370,0.984994791667,0.0861050828821,0.8539375,0.57946643041
371,0.985005208333,0.0853394453089,0.778833333333,0.845602065469
372,0.985239583333,0.0861612412704,0.8318125,0.659173230724
373,0.98446875,0.0897929766621,0.830958333333,0.646874758113
374,0.985005208333,0.0861651628684,0.823145833333,0.677328476918
375,0.984609375,0.089883373471,0.852729166667,0.595896091589
376,0.985567708333,0.0830749616443,0.778395833333,0.848125157763
377,0.986416666667,0.0805491988648,0.830958333333,0.67651600908
378,0.984015625,0.0915163401675,0.834895833333,0.61624281755
379,0.985697916667,0.0834099826891,0.819625,0.683463834399
380,0.985348958333,0.0851084081827,0.840041666667,0.657287334654
381,0.9855,0.0855070659385,0.778,0.866353380443
382,0.986671875,0.0782761423013,0.822416666667,0.704044542849
383,0.985265625,0.0842166441553,0.835229166667,0.648880310049
384,0.985432291667,0.0841766352335,0.826666666667,0.658531447804
385,0.984640625,0.0879520201643,0.849416666667,0.610009266768
386,0.984328125,0.0898355881181,0.77975,0.842033044514
387,0.984989583333,0.0861037686567,0.822270833333,0.706313973289
388,0.984447916667,0.0888623134799,0.826833333333,0.655812721713
389,0.986041666667,0.081047587429,0.826895833333,0.651219643597
390,0.985119791667,0.0851087335205,0.84625,0.631763366024
391,0.984692708333,0.0878043360487,0.781395833333,0.870778493275
392,0.985380208333,0.0839720561052,0.82025,0.710580625642
393,0.986177083333,0.0804385082684,0.827958333333,0.654337057345
394,0.986692708333,0.0775648406903,0.825604166667,0.660077175567
395,0.985182291667,0.0854665221453,0.845729166667,0.630849772084
396,0.985307291667,0.0844248195287,0.779520833333,0.862326313317
397,0.985140625,0.0849580383436,0.826854166667,0.708847911914
398,0.985432291667,0.0850118148168,0.838645833333,0.60111792112
399,0.985203125,0.0866584984661,0.823020833333,0.669266586817
400,0.986791666667,0.0775044000906,0.848979166667,0.643045781997
401,0.985833333333,0.0829940736981,0.781895833333,0.833066765857
402,0.98625,0.0813118826797,0.820625,0.720095313338
403,0.986041666667,0.0816560078467,0.827645833333,0.677469695058
404,0.985473958333,0.0835588616227,0.828375,0.662471558584
405,0.985625,0.0829529731826,0.842958333333,0.644980195687
406,0.985536458333,0.0833119870129,0.783020833333,0.858338884979
407,0.986421875,0.078717456893,0.818375,0.706671613117
408,0.985369791667,0.0843721587204,0.820041666667,0.666268117829
409,0.986375,0.0789028902823,0.8261875,0.674588065478
410,0.986427083333,0.0792041105702,0.839166666667,0.654765614931
411,0.986885416667,0.0760524452385,0.781375,0.882668701281
412,0.985057291667,0.0858890357129,0.823166666667,0.693545618554
413,0.986348958333,0.0796454718852,0.839833333333,0.645544492316
414,0.986234375,0.0788248226454,0.831145833333,0.664962645397
415,0.985854166667,0.0812038524745,0.852833333333,0.603126870718
416,0.986083333333,0.0803807963027,0.784416666667,0.870102672445
417,0.98521875,0.0841901613562,0.817270833333,0.711523483558
418,0.985333333333,0.0842980874245,0.83425,0.651413643503
419,0.985833333333,0.0819948749877,0.822604166667,0.69572410453
420,0.984802083333,0.0872398676992,0.848395833333,0.619767535517
421,0.986791666667,0.0765377638934,0.785020833333,0.851992033367
422,0.985692708333,0.0822150746058,0.821375,0.709659617933
423,0.98578125,0.0822984902139,0.8225,0.693682077534
424,0.985036458333,0.0856729063344,0.827125,0.623858105748
425,0.98603125,0.0799181207244,0.847458333333,0.613937131286
426,0.985625,0.0819505660539,0.788270833333,0.85465686433
427,0.985109375,0.0858029077771,0.813854166667,0.740712075502
428,0.985348958333,0.0834270875767,0.8361875,0.639444537355
429,0.986776041667,0.0766639765388,0.819,0.679538488964
430,0.986869791667,0.076508334628,0.837791666667,0.684983698727
431,0.98525,0.0843992241018,0.7858125,0.859013163331
432,0.98571875,0.0819480299336,0.811125,0.776614907412
433,0.9863125,0.0796134817672,0.8325,0.686419698958
434,0.985765625,0.0826592290407,0.823166666667,0.669888210929
435,0.987151041667,0.0761806867874,0.849479166667,0.609977528879
436,0.986619791667,0.0781823265501,0.788791666667,0.844032714453
437,0.985369791667,0.0834359848892,0.814645833333,0.71153960505
438,0.985786458333,0.0820576179914,0.836666666667,0.658159091192
439,0.985994791667,0.0803957186771,0.827604166667,0.652398844378
440,0.985453125,0.0840209135021,0.838645833333,0.671809908752
441,0.986578125,0.0779446994353,0.787479166667,0.869980728223
442,0.985796875,0.0816970357279,0.808666666667,0.804244609728
443,0.98703125,0.0750065986526,0.829125,0.673631085575
444,0.986572916667,0.0770203930385,0.825916666667,0.662885630714
445,0.986052083333,0.0802891455229,0.8434375,0.627964477307
446,0.985421875,0.084282536004,0.789270833333,0.786799150178
447,0.985786458333,0.0815718838816,0.8084375,0.768256272356
448,0.98625,0.0789545841042,0.834958333333,0.679275122381
449,0.985364583333,0.0842053080682,0.826979166667,0.635807374605
450,0.986151041667,0.08054468899,0.838729166667,0.663866505609
451,0.986182291667,0.0794334930583,0.7919375,0.843608116448
452,0.985416666667,0.0832031695981,0.808416666667,0.78705154077
453,0.985,0.0853479712706,0.842104166667,0.624422611409
454,0.984385416667,0.0886182158092,0.827416666667,0.658428458853
455,0.985770833333,0.081371383689,0.83875,0.653127194596
456,0.9845625,0.0874197828266,0.792583333333,0.817235648142
457,0.985911458333,0.0804053017397,0.8084375,0.768550111445
458,0.985046875,0.0853819809281,0.823958333333,0.699409132951
459,0.984958333333,0.0855371363451,0.827020833333,0.664905500949
460,0.986005208333,0.0800062023481,0.839708333333,0.655136615695
461,0.985755208333,0.0811855245971,0.793979166667,0.798306869318
462,0.985703125,0.081580750206,0.8095,0.752879480849
463,0.986213541667,0.0786154545364,0.8369375,0.673933753718
464,0.985255208333,0.0831545370857,0.827958333333,0.658116829759
465,0.985828125,0.0815992308326,0.839875,0.677848314662
466,0.984552083333,0.0863028750711,0.793479166667,0.822146013954
467,0.985729166667,0.0815757198268,0.8135,0.777716779359
468,0.984651041667,0.0869172648427,0.831791666667,0.666643906556
469,0.986130208333,0.0794535801085,0.829520833333,0.662426212098
470,0.9855,0.0826011837707,0.845604166667,0.610721847986
471,0.986260416667,0.0790141623079,0.793291666667,0.871160757961
472,0.986859375,0.0759400893982,0.814958333333,0.745462342437
473,0.9856875,0.0815660784273,0.832604166667,0.656462959905
474,0.985083333333,0.0836598168592,0.826854166667,0.671059877876
475,0.985130208333,0.0843339288501,0.835333333333,0.699189346377
476,0.985098958333,0.0841698630201,0.799229166667,0.791599509633
477,0.986473958333,0.0763734736295,0.812395833333,0.783825414365
478,0.984817708333,0.0860102916322,0.829354166667,0.679529457269
479,0.985588541667,0.0824588801641,0.828791666667,0.653667227388
480,0.985078125,0.084468532877,0.835895833333,0.651866028167
481,0.983703125,0.0916201576198,0.793041666667,0.826912513301
482,0.985973958333,0.0799086838686,0.8078125,0.77718141067
483,0.984895833333,0.0857158490076,0.8339375,0.67360029122
484,0.986927083333,0.0744570209036,0.830083333333,0.673108902341
485,0.985270833333,0.0837449110233,0.845604166667,0.626314339563
486,0.984953125,0.0861848144759,0.798875,0.791622480302
487,0.985234375,0.0836535616397,0.807229166667,0.780522499439
488,0.984630208333,0.0862474064921,0.833875,0.648253555054
489,0.986166666667,0.0789312658237,0.821979166667,0.681774488784
490,0.985760416667,0.0812136332465,0.839875,0.649379213511
491,0.985020833333,0.0846575105766,0.798270833333,0.809347122831
492,0.98478125,0.0849591039692,0.805875,0.777818188128
493,0.984354166667,0.0878595557364,0.832916666667,0.65896088461
494,0.985432291667,0.0825429857845,0.829583333333,0.645495560762
495,0.986208333333,0.0797373820585,0.845270833333,0.619493090898
496,0.985135416667,0.0846951322857,0.796604166667,0.815582052777
497,0.985854166667,0.0805541657192,0.810291666667,0.746401292318
498,0.985427083333,0.0832765807111,0.827416666667,0.678568906996
499,0.985604166667,0.080703178291,0.823458333333,0.674999366683
0,0.671875,0.772600774864,0.650354166667,0.814560123066
1,0.716125,0.691368051261,0.715395833333,0.640625498299
2,0.733432291667,0.654170088008,0.803020833333,0.505955954603
3,0.743828125,0.637256887794,0.748,0.59424541269
4,0.757270833333,0.609867281256,0.763041666667,0.538082233682
5,0.766265625,0.590160498619,0.705208333333,0.70262541156
6,0.774421875,0.575373786313,0.776166666667,0.543802356972
7,0.783088541667,0.555335030692,0.818,0.472569069481
8,0.792713541667,0.535283688953,0.7776875,0.525270383826
9,0.804166666667,0.509379898027,0.791083333333,0.501823843105
10,0.812526041667,0.493269087464,0.7259375,0.672854405001
11,0.820526041667,0.475983465092,0.7921875,0.525462309138
12,0.830067708333,0.453050535501,0.807145833333,0.503909122745
13,0.840109375,0.432570582726,0.785833333333,0.537110576954
14,0.85203125,0.40322249602,0.799708333333,0.547956622188
15,0.860734375,0.386757375636,0.739333333333,0.709744644389
16,0.869208333333,0.366239007937,0.805625,0.532306979074
17,0.87675,0.351948646181,0.813854166667,0.531796999791
0,0.586895833333,1.00878215071,0.604533333333,0.965739506721
1,0.648133333333,0.881480076631,0.668016666667,0.82744383084
2,0.67375,0.825435398575,0.68645,0.778875782013
3,0.6918875,0.787297962749,0.695033333333,0.755141269398
4,0.707466666667,0.751141669635,0.7105,0.731172289101
5,0.721575,0.720659786284,0.716883333333,0.717138561825
6,0.736225,0.684821939524,0.7171,0.706390889168
7,0.751541666667,0.651211634547,0.721116666667,0.70291175007
8,0.767229166667,0.615316693485,0.729533333333,0.68897545712
9,0.784225,0.57442059811,0.732966666667,0.69075263015
10,0.801554166667,0.531679321533,0.728616666667,0.703428316418
11,0.817691666667,0.49690736346,0.737466666667,0.697628745381
12,0.835041666667,0.452207426307,0.7405,0.701737015233
0,0.569041666667,1.06962506033,0.64085,0.87769303635
1,0.6376,0.905349714526,0.672666666667,0.813511414337
2,0.6647625,0.848804210873,0.687316666667,0.776531063549
3,0.684833333333,0.805432620919,0.693933333333,0.759014654533
4,0.700345833333,0.771992921956,0.705833333333,0.73327145253
5,0.7139875,0.742367678034,0.709883333333,0.723431228797
6,0.7282625,0.705016287017,0.716133333333,0.71048204337
7,0.7424875,0.673792650219,0.716466666667,0.719333240104
8,0.757983333333,0.635404952608,0.72465,0.698687090115
9,0.775066666667,0.594335086936,0.729216666667,0.694480960993
10,0.791554166667,0.55261255573,0.725116666667,0.72368230718
11,0.806883333333,0.515367475219,0.730683333333,0.715054251973
12,0.823216666667,0.478357119736,0.732883333333,0.734274265862
13,0.837025,0.44396438758,0.73175,0.749065513221
0,0.553983333333,1.37728082343,0.61255,1.71843662833
1,0.666441666667,0.956521770648,0.71595,0.720899131918
2,0.717875,0.754290213917,0.738383333333,0.660630681594
3,0.753858333333,0.670710015728,0.755333333333,0.624276324916
4,0.7902375,0.585285964791,0.757166666667,0.626112472701
5,0.827725,0.498954552996,0.759683333333,0.642231644177
